<?xml version="1.0" encoding="UTF-8"?>
<coverage generated="1781986713737" clover="3.2.0">
  <project timestamp="1781986713737" name="All files">
    <metrics statements="117" coveredstatements="117" conditionals="73" coveredconditionals="58" methods="11" coveredmethods="11" elements="201" coveredelements="186" complexity="0" loc="117" ncloc="117" packages="1" files="1" classes="1"/>
    <file name="socketService.ts" path="C:\repos\corner-click\apps\api\src\services\socketService.ts">
      <metrics statements="117" coveredstatements="117" conditionals="73" coveredconditionals="58" methods="11" coveredmethods="11"/>
      <line num="6" count="1" type="stmt"/>
      <line num="33" count="1" type="stmt"/>
      <line num="36" count="65" type="stmt"/>
      <line num="40" count="54" type="stmt"/>
      <line num="44" count="18" type="stmt"/>
      <line num="48" count="19" type="stmt"/>
      <line num="52" count="1" type="stmt"/>
      <line num="54" count="1" type="stmt"/>
      <line num="55" count="34" type="stmt"/>
      <line num="56" count="34" type="stmt"/>
      <line num="57" count="16" type="cond" truecount="1" falsecount="1"/>
      <line num="58" count="16" type="stmt"/>
      <line num="67" count="34" type="stmt"/>
      <line num="70" count="1" type="stmt"/>
      <line num="71" count="19" type="stmt"/>
      <line num="78" count="19" type="stmt"/>
      <line num="79" count="19" type="stmt"/>
      <line num="81" count="19" type="stmt"/>
      <line num="82" count="19" type="stmt"/>
      <line num="83" count="19" type="stmt"/>
      <line num="86" count="19" type="stmt"/>
      <line num="87" count="19" type="stmt"/>
      <line num="88" count="19" type="stmt"/>
      <line num="89" count="19" type="stmt"/>
      <line num="90" count="19" type="cond" truecount="2" falsecount="0"/>
      <line num="92" count="19" type="stmt"/>
      <line num="93" count="19" type="stmt"/>
      <line num="94" count="19" type="stmt"/>
      <line num="97" count="19" type="stmt"/>
      <line num="98" count="19" type="cond" truecount="2" falsecount="0"/>
      <line num="99" count="18" type="stmt"/>
      <line num="118" count="18" type="stmt"/>
      <line num="122" count="19" type="cond" truecount="4" falsecount="0"/>
      <line num="123" count="9" type="stmt"/>
      <line num="129" count="9" type="cond" truecount="1" falsecount="1"/>
      <line num="130" count="9" type="stmt"/>
      <line num="132" count="9" type="stmt"/>
      <line num="135" count="9" type="stmt"/>
      <line num="139" count="19" type="stmt"/>
      <line num="149" count="19" type="stmt"/>
      <line num="157" count="6" type="stmt"/>
      <line num="158" count="6" type="stmt"/>
      <line num="159" count="6" type="cond" truecount="1" falsecount="1"/>
      <line num="161" count="6" type="cond" truecount="2" falsecount="0"/>
      <line num="162" count="1" type="stmt"/>
      <line num="165" count="6" type="stmt"/>
      <line num="166" count="6" type="cond" truecount="2" falsecount="0"/>
      <line num="167" count="3" type="cond" truecount="2" falsecount="0"/>
      <line num="168" count="1" type="stmt"/>
      <line num="169" count="3" type="cond" truecount="2" falsecount="0"/>
      <line num="170" count="1" type="cond" truecount="1" falsecount="1"/>
      <line num="171" count="1" type="stmt"/>
      <line num="172" count="2" type="cond" truecount="1" falsecount="1"/>
      <line num="173" count="2" type="cond" truecount="2" falsecount="0"/>
      <line num="174" count="1" type="stmt"/>
      <line num="178" count="6" type="cond" truecount="1" falsecount="1"/>
      <line num="179" count="6" type="stmt"/>
      <line num="180" count="6" type="stmt"/>
      <line num="181" count="6" type="stmt"/>
      <line num="182" count="6" type="stmt"/>
      <line num="183" count="6" type="stmt"/>
      <line num="185" count="6" type="stmt"/>
      <line num="186" count="6" type="stmt"/>
      <line num="188" count="6" type="stmt"/>
      <line num="191" count="6" type="stmt"/>
      <line num="201" count="19" type="stmt"/>
      <line num="208" count="9" type="stmt"/>
      <line num="209" count="9" type="stmt"/>
      <line num="210" count="9" type="cond" truecount="1" falsecount="1"/>
      <line num="212" count="9" type="cond" truecount="4" falsecount="0"/>
      <line num="213" count="1" type="stmt"/>
      <line num="214" count="1" type="cond" truecount="1" falsecount="1"/>
      <line num="215" count="1" type="stmt"/>
      <line num="217" count="1" type="stmt"/>
      <line num="218" count="1" type="stmt"/>
      <line num="219" count="1" type="stmt"/>
      <line num="221" count="8" type="cond" truecount="2" falsecount="0"/>
      <line num="222" count="1" type="stmt"/>
      <line num="223" count="1" type="stmt"/>
      <line num="224" count="7" type="cond" truecount="2" falsecount="0"/>
      <line num="225" count="1" type="stmt"/>
      <line num="226" count="1" type="stmt"/>
      <line num="227" count="6" type="cond" truecount="2" falsecount="0"/>
      <line num="228" count="1" type="stmt"/>
      <line num="229" count="1" type="cond" truecount="1" falsecount="1"/>
      <line num="230" count="1" type="stmt"/>
      <line num="231" count="1" type="stmt"/>
      <line num="232" count="1" type="stmt"/>
      <line num="233" count="1" type="stmt"/>
      <line num="234" count="1" type="stmt"/>
      <line num="235" count="5" type="cond" truecount="2" falsecount="0"/>
      <line num="236" count="3" type="cond" truecount="2" falsecount="0"/>
      <line num="237" count="1" type="stmt"/>
      <line num="239" count="2" type="stmt"/>
      <line num="241" count="3" type="cond" truecount="2" falsecount="0"/>
      <line num="242" count="1" type="stmt"/>
      <line num="243" count="1" type="stmt"/>
      <line num="245" count="2" type="cond" truecount="2" falsecount="0"/>
      <line num="246" count="1" type="stmt"/>
      <line num="247" count="1" type="stmt"/>
      <line num="248" count="1" type="cond" truecount="3" falsecount="1"/>
      <line num="249" count="1" type="stmt"/>
      <line num="250" count="1" type="stmt"/>
      <line num="252" count="1" type="cond" truecount="1" falsecount="1"/>
      <line num="253" count="1" type="stmt"/>
      <line num="254" count="1" type="stmt"/>
      <line num="257" count="9" type="stmt"/>
      <line num="260" count="9" type="stmt"/>
      <line num="270" count="19" type="stmt"/>
      <line num="271" count="1" type="stmt"/>
      <line num="273" count="1" type="cond" truecount="4" falsecount="1"/>
      <line num="274" count="1" type="stmt"/>
      <line num="275" count="1" type="cond" truecount="3" falsecount="1"/>
      <line num="276" count="1" type="stmt"/>
      <line num="277" count="1" type="stmt"/>
      <line num="279" count="1" type="stmt"/>
      <line num="285" count="19" type="stmt"/>
    </file>
  </project>
</coverage>
