{"C:\\repos\\corner-click\\apps\\api\\src\\services\\socketService.ts": {"path":"C:\\repos\\corner-click\\apps\\api\\src\\services\\socketService.ts","statementMap":{"0":{"start":{"line":13,"column":6},"end":{"line":13,"column":null}},"1":{"start":{"line":40,"column":57},"end":{"line":40,"column":null}},"2":{"start":{"line":43,"column":4},"end":{"line":43,"column":null}},"3":{"start":{"line":47,"column":4},"end":{"line":47,"column":null}},"4":{"start":{"line":51,"column":4},"end":{"line":51,"column":null}},"5":{"start":{"line":55,"column":4},"end":{"line":55,"column":null}},"6":{"start":{"line":59,"column":26},"end":{"line":59,"column":null}},"7":{"start":{"line":61,"column":27},"end":{"line":80,"column":null}},"8":{"start":{"line":62,"column":38},"end":{"line":62,"column":null}},"9":{"start":{"line":63,"column":2},"end":{"line":78,"column":null}},"10":{"start":{"line":64,"column":19},"end":{"line":69,"column":null}},"11":{"start":{"line":70,"column":4},"end":{"line":77,"column":null}},"12":{"start":{"line":79,"column":2},"end":{"line":79,"column":null}},"13":{"start":{"line":82,"column":33},"end":{"line":351,"column":null}},"14":{"start":{"line":83,"column":13},"end":{"line":88,"column":null}},"15":{"start":{"line":90,"column":2},"end":{"line":348,"column":null}},"16":{"start":{"line":91,"column":4},"end":{"line":91,"column":null}},"17":{"start":{"line":93,"column":39},"end":{"line":93,"column":null}},"18":{"start":{"line":94,"column":37},"end":{"line":94,"column":null}},"19":{"start":{"line":95,"column":40},"end":{"line":95,"column":null}},"20":{"start":{"line":98,"column":4},"end":{"line":175,"column":null}},"21":{"start":{"line":107,"column":61},"end":{"line":107,"column":null}},"22":{"start":{"line":108,"column":8},"end":{"line":108,"column":null}},"23":{"start":{"line":109,"column":8},"end":{"line":109,"column":null}},"24":{"start":{"line":110,"column":8},"end":{"line":110,"column":null}},"25":{"start":{"line":112,"column":25},"end":{"line":112,"column":null}},"26":{"start":{"line":113,"column":8},"end":{"line":113,"column":null}},"27":{"start":{"line":114,"column":8},"end":{"line":117,"column":null}},"28":{"start":{"line":120,"column":20},"end":{"line":120,"column":null}},"29":{"start":{"line":121,"column":8},"end":{"line":142,"column":null}},"30":{"start":{"line":122,"column":10},"end":{"line":140,"column":null}},"31":{"start":{"line":141,"column":10},"end":{"line":141,"column":null}},"32":{"start":{"line":145,"column":8},"end":{"line":164,"column":null}},"33":{"start":{"line":146,"column":10},"end":{"line":151,"column":null}},"34":{"start":{"line":152,"column":10},"end":{"line":159,"column":null}},"35":{"start":{"line":153,"column":12},"end":{"line":158,"column":null}},"36":{"start":{"line":160,"column":10},"end":{"line":160,"column":null}},"37":{"start":{"line":163,"column":10},"end":{"line":163,"column":null}},"38":{"start":{"line":167,"column":8},"end":{"line":173,"column":null}},"39":{"start":{"line":178,"column":4},"end":{"line":252,"column":null}},"40":{"start":{"line":188,"column":57},"end":{"line":188,"column":null}},"41":{"start":{"line":189,"column":22},"end":{"line":189,"column":null}},"42":{"start":{"line":190,"column":8},"end":{"line":190,"column":null}},"43":{"start":{"line":190,"column":20},"end":{"line":190,"column":null}},"44":{"start":{"line":192,"column":8},"end":{"line":199,"column":null}},"45":{"start":{"line":193,"column":10},"end":{"line":198,"column":null}},"46":{"start":{"line":201,"column":23},"end":{"line":201,"column":null}},"47":{"start":{"line":202,"column":8},"end":{"line":228,"column":null}},"48":{"start":{"line":203,"column":10},"end":{"line":205,"column":null}},"49":{"start":{"line":204,"column":12},"end":{"line":204,"column":null}},"50":{"start":{"line":205,"column":15},"end":{"line":205,"column":null}},"51":{"start":{"line":206,"column":8},"end":{"line":228,"column":null}},"52":{"start":{"line":207,"column":10},"end":{"line":216,"column":null}},"53":{"start":{"line":208,"column":12},"end":{"line":211,"column":null}},"54":{"start":{"line":213,"column":12},"end":{"line":216,"column":null}},"55":{"start":{"line":217,"column":8},"end":{"line":228,"column":null}},"56":{"start":{"line":218,"column":10},"end":{"line":227,"column":null}},"57":{"start":{"line":219,"column":12},"end":{"line":222,"column":null}},"58":{"start":{"line":224,"column":12},"end":{"line":227,"column":null}},"59":{"start":{"line":231,"column":27},"end":{"line":231,"column":null}},"60":{"start":{"line":232,"column":26},"end":{"line":232,"column":null}},"61":{"start":{"line":233,"column":27},"end":{"line":233,"column":null}},"62":{"start":{"line":234,"column":8},"end":{"line":237,"column":null}},"63":{"start":{"line":235,"column":10},"end":{"line":235,"column":null}},"64":{"start":{"line":236,"column":10},"end":{"line":236,"column":null}},"65":{"start":{"line":238,"column":8},"end":{"line":238,"column":null}},"66":{"start":{"line":239,"column":8},"end":{"line":239,"column":null}},"67":{"start":{"line":241,"column":8},"end":{"line":241,"column":null}},"68":{"start":{"line":244,"column":8},"end":{"line":250,"column":null}},"69":{"start":{"line":255,"column":4},"end":{"line":329,"column":null}},"70":{"start":{"line":264,"column":58},"end":{"line":264,"column":null}},"71":{"start":{"line":265,"column":20},"end":{"line":265,"column":null}},"72":{"start":{"line":266,"column":8},"end":{"line":266,"column":null}},"73":{"start":{"line":266,"column":20},"end":{"line":266,"column":null}},"74":{"start":{"line":268,"column":8},"end":{"line":316,"column":null}},"75":{"start":{"line":269,"column":10},"end":{"line":269,"column":null}},"76":{"start":{"line":270,"column":10},"end":{"line":270,"column":null}},"77":{"start":{"line":270,"column":40},"end":{"line":270,"column":null}},"78":{"start":{"line":271,"column":10},"end":{"line":271,"column":null}},"79":{"start":{"line":273,"column":10},"end":{"line":273,"column":null}},"80":{"start":{"line":274,"column":10},"end":{"line":281,"column":null}},"81":{"start":{"line":275,"column":12},"end":{"line":280,"column":null}},"82":{"start":{"line":282,"column":8},"end":{"line":316,"column":null}},"83":{"start":{"line":283,"column":10},"end":{"line":283,"column":null}},"84":{"start":{"line":284,"column":10},"end":{"line":284,"column":null}},"85":{"start":{"line":285,"column":8},"end":{"line":316,"column":null}},"86":{"start":{"line":286,"column":10},"end":{"line":286,"column":null}},"87":{"start":{"line":287,"column":10},"end":{"line":287,"column":null}},"88":{"start":{"line":288,"column":8},"end":{"line":316,"column":null}},"89":{"start":{"line":289,"column":10},"end":{"line":289,"column":null}},"90":{"start":{"line":290,"column":10},"end":{"line":290,"column":null}},"91":{"start":{"line":291,"column":10},"end":{"line":291,"column":null}},"92":{"start":{"line":292,"column":10},"end":{"line":292,"column":null}},"93":{"start":{"line":293,"column":10},"end":{"line":293,"column":null}},"94":{"start":{"line":294,"column":10},"end":{"line":294,"column":null}},"95":{"start":{"line":295,"column":10},"end":{"line":295,"column":null}},"96":{"start":{"line":296,"column":8},"end":{"line":316,"column":null}},"97":{"start":{"line":297,"column":10},"end":{"line":301,"column":null}},"98":{"start":{"line":298,"column":12},"end":{"line":298,"column":null}},"99":{"start":{"line":300,"column":12},"end":{"line":300,"column":null}},"100":{"start":{"line":302,"column":10},"end":{"line":305,"column":null}},"101":{"start":{"line":303,"column":12},"end":{"line":303,"column":null}},"102":{"start":{"line":304,"column":12},"end":{"line":304,"column":null}},"103":{"start":{"line":306,"column":8},"end":{"line":316,"column":null}},"104":{"start":{"line":307,"column":10},"end":{"line":307,"column":null}},"105":{"start":{"line":308,"column":10},"end":{"line":308,"column":null}},"106":{"start":{"line":309,"column":10},"end":{"line":312,"column":null}},"107":{"start":{"line":310,"column":12},"end":{"line":310,"column":null}},"108":{"start":{"line":311,"column":12},"end":{"line":311,"column":null}},"109":{"start":{"line":313,"column":8},"end":{"line":316,"column":null}},"110":{"start":{"line":314,"column":10},"end":{"line":314,"column":null}},"111":{"start":{"line":315,"column":10},"end":{"line":315,"column":null}},"112":{"start":{"line":318,"column":8},"end":{"line":318,"column":null}},"113":{"start":{"line":321,"column":8},"end":{"line":327,"column":null}},"114":{"start":{"line":332,"column":4},"end":{"line":347,"column":null}},"115":{"start":{"line":333,"column":6},"end":{"line":333,"column":null}},"116":{"start":{"line":335,"column":6},"end":{"line":346,"column":null}},"117":{"start":{"line":336,"column":22},"end":{"line":336,"column":null}},"118":{"start":{"line":337,"column":8},"end":{"line":345,"column":null}},"119":{"start":{"line":338,"column":10},"end":{"line":338,"column":null}},"120":{"start":{"line":339,"column":10},"end":{"line":339,"column":null}},"121":{"start":{"line":341,"column":10},"end":{"line":344,"column":null}},"122":{"start":{"line":350,"column":2},"end":{"line":350,"column":null}}},"fnMap":{"0":{"name":"getMatchState","decl":{"start":{"line":42,"column":2},"end":{"line":42,"column":16}},"loc":{"start":{"line":42,"column":62},"end":{"line":44,"column":null}},"line":42},"1":{"name":"setMatchState","decl":{"start":{"line":46,"column":2},"end":{"line":46,"column":16}},"loc":{"start":{"line":46,"column":63},"end":{"line":48,"column":null}},"line":46},"2":{"name":"deleteMatchState","decl":{"start":{"line":50,"column":2},"end":{"line":50,"column":19}},"loc":{"start":{"line":50,"column":41},"end":{"line":52,"column":null}},"line":50},"3":{"name":"getAllMatchStates","decl":{"start":{"line":54,"column":2},"end":{"line":54,"column":53}},"loc":{"start":{"line":54,"column":53},"end":{"line":56,"column":null}},"line":54},"4":{"name":"(anonymous_4)","decl":{"start":{"line":61,"column":27},"end":{"line":61,"column":28}},"loc":{"start":{"line":61,"column":56},"end":{"line":80,"column":null}},"line":61},"5":{"name":"(anonymous_5)","decl":{"start":{"line":82,"column":33},"end":{"line":82,"column":34}},"loc":{"start":{"line":82,"column":69},"end":{"line":351,"column":null}},"line":82},"6":{"name":"(anonymous_6)","decl":{"start":{"line":90,"column":22},"end":{"line":90,"column":23}},"loc":{"start":{"line":90,"column":42},"end":{"line":348,"column":3}},"line":90},"7":{"name":"(anonymous_7)","decl":{"start":{"line":100,"column":6},"end":{"line":100,"column":7}},"loc":{"start":{"line":106,"column":12},"end":{"line":174,"column":null}},"line":106},"8":{"name":"(anonymous_8)","decl":{"start":{"line":180,"column":6},"end":{"line":180,"column":7}},"loc":{"start":{"line":187,"column":12},"end":{"line":251,"column":null}},"line":187},"9":{"name":"(anonymous_9)","decl":{"start":{"line":257,"column":6},"end":{"line":257,"column":7}},"loc":{"start":{"line":263,"column":12},"end":{"line":328,"column":null}},"line":263},"10":{"name":"(anonymous_10)","decl":{"start":{"line":332,"column":38},"end":{"line":332,"column":44}},"loc":{"start":{"line":332,"column":44},"end":{"line":347,"column":5}},"line":332}},"branchMap":{"0":{"loc":{"start":{"line":64,"column":19},"end":{"line":69,"column":null}},"type":"binary-expr","locations":[{"start":{"line":64,"column":19},"end":{"line":64,"column":45}},{"start":{"line":64,"column":45},"end":{"line":69,"column":null}}],"line":64},"1":{"loc":{"start":{"line":110,"column":25},"end":{"line":110,"column":null}},"type":"binary-expr","locations":[{"start":{"line":110,"column":25},"end":{"line":110,"column":36}},{"start":{"line":110,"column":36},"end":{"line":110,"column":null}}],"line":110},"2":{"loc":{"start":{"line":121,"column":8},"end":{"line":142,"column":null}},"type":"if","locations":[{"start":{"line":121,"column":8},"end":{"line":142,"column":null}},{"start":{},"end":{}}],"line":121},"3":{"loc":{"start":{"line":145,"column":8},"end":{"line":164,"column":null}},"type":"if","locations":[{"start":{"line":145,"column":8},"end":{"line":164,"column":null}},{"start":{},"end":{}}],"line":145},"4":{"loc":{"start":{"line":145,"column":12},"end":{"line":145,"column":50}},"type":"binary-expr","locations":[{"start":{"line":145,"column":12},"end":{"line":145,"column":41}},{"start":{"line":145,"column":41},"end":{"line":145,"column":50}}],"line":145},"5":{"loc":{"start":{"line":147,"column":18},"end":{"line":147,"column":null}},"type":"binary-expr","locations":[{"start":{"line":147,"column":18},"end":{"line":147,"column":31}},{"start":{"line":147,"column":31},"end":{"line":147,"column":null}}],"line":147},"6":{"loc":{"start":{"line":148,"column":20},"end":{"line":148,"column":null}},"type":"binary-expr","locations":[{"start":{"line":148,"column":20},"end":{"line":148,"column":30}},{"start":{"line":148,"column":30},"end":{"line":148,"column":null}}],"line":148},"7":{"loc":{"start":{"line":152,"column":10},"end":{"line":159,"column":null}},"type":"if","locations":[{"start":{"line":152,"column":10},"end":{"line":159,"column":null}},{"start":{},"end":{}}],"line":152},"8":{"loc":{"start":{"line":190,"column":8},"end":{"line":190,"column":null}},"type":"if","locations":[{"start":{"line":190,"column":8},"end":{"line":190,"column":null}},{"start":{},"end":{}}],"line":190},"9":{"loc":{"start":{"line":192,"column":8},"end":{"line":199,"column":null}},"type":"if","locations":[{"start":{"line":192,"column":8},"end":{"line":199,"column":null}},{"start":{},"end":{}}],"line":192},"10":{"loc":{"start":{"line":202,"column":8},"end":{"line":228,"column":null}},"type":"if","locations":[{"start":{"line":202,"column":8},"end":{"line":228,"column":null}},{"start":{"line":206,"column":8},"end":{"line":228,"column":null}}],"line":202},"11":{"loc":{"start":{"line":203,"column":10},"end":{"line":205,"column":null}},"type":"if","locations":[{"start":{"line":203,"column":10},"end":{"line":205,"column":null}},{"start":{"line":205,"column":15},"end":{"line":205,"column":null}}],"line":203},"12":{"loc":{"start":{"line":206,"column":8},"end":{"line":228,"column":null}},"type":"if","locations":[{"start":{"line":206,"column":8},"end":{"line":228,"column":null}},{"start":{"line":217,"column":8},"end":{"line":228,"column":null}}],"line":206},"13":{"loc":{"start":{"line":207,"column":10},"end":{"line":216,"column":null}},"type":"if","locations":[{"start":{"line":207,"column":10},"end":{"line":216,"column":null}},{"start":{"line":213,"column":12},"end":{"line":216,"column":null}}],"line":207},"14":{"loc":{"start":{"line":217,"column":8},"end":{"line":228,"column":null}},"type":"if","locations":[{"start":{"line":217,"column":8},"end":{"line":228,"column":null}},{"start":{},"end":{}}],"line":217},"15":{"loc":{"start":{"line":218,"column":10},"end":{"line":227,"column":null}},"type":"if","locations":[{"start":{"line":218,"column":10},"end":{"line":227,"column":null}},{"start":{"line":224,"column":12},"end":{"line":227,"column":null}}],"line":218},"16":{"loc":{"start":{"line":231,"column":27},"end":{"line":231,"column":null}},"type":"binary-expr","locations":[{"start":{"line":231,"column":27},"end":{"line":231,"column":63}},{"start":{"line":231,"column":63},"end":{"line":231,"column":null}}],"line":231},"17":{"loc":{"start":{"line":266,"column":8},"end":{"line":266,"column":null}},"type":"if","locations":[{"start":{"line":266,"column":8},"end":{"line":266,"column":null}},{"start":{},"end":{}}],"line":266},"18":{"loc":{"start":{"line":268,"column":8},"end":{"line":316,"column":null}},"type":"if","locations":[{"start":{"line":268,"column":8},"end":{"line":316,"column":null}},{"start":{"line":282,"column":8},"end":{"line":316,"column":null}}],"line":268},"19":{"loc":{"start":{"line":268,"column":12},"end":{"line":268,"column":66}},"type":"binary-expr","locations":[{"start":{"line":268,"column":12},"end":{"line":268,"column":55}},{"start":{"line":268,"column":55},"end":{"line":268,"column":66}}],"line":268},"20":{"loc":{"start":{"line":270,"column":10},"end":{"line":270,"column":null}},"type":"if","locations":[{"start":{"line":270,"column":10},"end":{"line":270,"column":null}},{"start":{},"end":{}}],"line":270},"21":{"loc":{"start":{"line":282,"column":8},"end":{"line":316,"column":null}},"type":"if","locations":[{"start":{"line":282,"column":8},"end":{"line":316,"column":null}},{"start":{"line":285,"column":8},"end":{"line":316,"column":null}}],"line":282},"22":{"loc":{"start":{"line":285,"column":8},"end":{"line":316,"column":null}},"type":"if","locations":[{"start":{"line":285,"column":8},"end":{"line":316,"column":null}},{"start":{"line":288,"column":8},"end":{"line":316,"column":null}}],"line":285},"23":{"loc":{"start":{"line":288,"column":8},"end":{"line":316,"column":null}},"type":"if","locations":[{"start":{"line":288,"column":8},"end":{"line":316,"column":null}},{"start":{"line":296,"column":8},"end":{"line":316,"column":null}}],"line":288},"24":{"loc":{"start":{"line":290,"column":24},"end":{"line":290,"column":null}},"type":"cond-expr","locations":[{"start":{"line":290,"column":51},"end":{"line":290,"column":64}},{"start":{"line":290,"column":64},"end":{"line":290,"column":null}}],"line":290},"25":{"loc":{"start":{"line":296,"column":8},"end":{"line":316,"column":null}},"type":"if","locations":[{"start":{"line":296,"column":8},"end":{"line":316,"column":null}},{"start":{"line":306,"column":8},"end":{"line":316,"column":null}}],"line":296},"26":{"loc":{"start":{"line":297,"column":10},"end":{"line":301,"column":null}},"type":"if","locations":[{"start":{"line":297,"column":10},"end":{"line":301,"column":null}},{"start":{"line":299,"column":17},"end":{"line":301,"column":null}}],"line":297},"27":{"loc":{"start":{"line":302,"column":10},"end":{"line":305,"column":null}},"type":"if","locations":[{"start":{"line":302,"column":10},"end":{"line":305,"column":null}},{"start":{},"end":{}}],"line":302},"28":{"loc":{"start":{"line":306,"column":8},"end":{"line":316,"column":null}},"type":"if","locations":[{"start":{"line":306,"column":8},"end":{"line":316,"column":null}},{"start":{"line":313,"column":8},"end":{"line":316,"column":null}}],"line":306},"29":{"loc":{"start":{"line":309,"column":10},"end":{"line":312,"column":null}},"type":"if","locations":[{"start":{"line":309,"column":10},"end":{"line":312,"column":null}},{"start":{},"end":{}}],"line":309},"30":{"loc":{"start":{"line":309,"column":14},"end":{"line":309,"column":47}},"type":"binary-expr","locations":[{"start":{"line":309,"column":14},"end":{"line":309,"column":27}},{"start":{"line":309,"column":27},"end":{"line":309,"column":47}}],"line":309},"31":{"loc":{"start":{"line":313,"column":8},"end":{"line":316,"column":null}},"type":"if","locations":[{"start":{"line":313,"column":8},"end":{"line":316,"column":null}},{"start":{},"end":{}}],"line":313},"32":{"loc":{"start":{"line":335,"column":6},"end":{"line":346,"column":null}},"type":"if","locations":[{"start":{"line":335,"column":6},"end":{"line":346,"column":null}},{"start":{},"end":{}}],"line":335},"33":{"loc":{"start":{"line":335,"column":10},"end":{"line":335,"column":79}},"type":"binary-expr","locations":[{"start":{"line":335,"column":10},"end":{"line":335,"column":27}},{"start":{"line":335,"column":27},"end":{"line":335,"column":63}},{"start":{"line":335,"column":63},"end":{"line":335,"column":79}}],"line":335},"34":{"loc":{"start":{"line":337,"column":8},"end":{"line":345,"column":null}},"type":"if","locations":[{"start":{"line":337,"column":8},"end":{"line":345,"column":null}},{"start":{},"end":{}}],"line":337},"35":{"loc":{"start":{"line":337,"column":12},"end":{"line":337,"column":51}},"type":"binary-expr","locations":[{"start":{"line":337,"column":12},"end":{"line":337,"column":21}},{"start":{"line":337,"column":21},"end":{"line":337,"column":51}}],"line":337}},"s":{"0":1,"1":1,"2":65,"3":54,"4":18,"5":19,"6":1,"7":1,"8":34,"9":34,"10":16,"11":16,"12":34,"13":1,"14":19,"15":19,"16":19,"17":19,"18":19,"19":19,"20":19,"21":19,"22":19,"23":19,"24":19,"25":19,"26":19,"27":19,"28":19,"29":19,"30":18,"31":18,"32":19,"33":9,"34":9,"35":9,"36":9,"37":9,"38":19,"39":19,"40":6,"41":6,"42":6,"43":0,"44":6,"45":1,"46":6,"47":6,"48":3,"49":2,"50":1,"51":3,"52":1,"53":0,"54":1,"55":2,"56":2,"57":1,"58":1,"59":6,"60":6,"61":6,"62":6,"63":6,"64":6,"65":6,"66":6,"67":6,"68":6,"69":19,"70":9,"71":9,"72":9,"73":0,"74":9,"75":1,"76":1,"77":1,"78":1,"79":1,"80":1,"81":1,"82":8,"83":1,"84":1,"85":7,"86":1,"87":1,"88":6,"89":1,"90":1,"91":1,"92":1,"93":1,"94":1,"95":1,"96":5,"97":3,"98":1,"99":2,"100":3,"101":1,"102":1,"103":2,"104":1,"105":1,"106":1,"107":1,"108":1,"109":1,"110":1,"111":1,"112":9,"113":9,"114":19,"115":1,"116":1,"117":1,"118":1,"119":1,"120":1,"121":1,"122":19},"f":{"0":65,"1":54,"2":18,"3":19,"4":34,"5":19,"6":19,"7":19,"8":6,"9":9,"10":1},"b":{"0":[16,0],"1":[19,10],"2":[18,1],"3":[9,10],"4":[19,9],"5":[9,0],"6":[9,0],"7":[9,0],"8":[0,6],"9":[1,5],"10":[3,3],"11":[2,1],"12":[1,2],"13":[0,1],"14":[2,0],"15":[1,1],"16":[6,0],"17":[0,9],"18":[1,8],"19":[9,1],"20":[1,0],"21":[1,7],"22":[1,6],"23":[1,5],"24":[1,0],"25":[3,2],"26":[1,2],"27":[1,2],"28":[1,1],"29":[1,0],"30":[1,1],"31":[1,0],"32":[1,0],"33":[1,1,1],"34":[1,0],"35":[1,1]},"meta":{"lastBranch":36,"lastFunction":11,"lastStatement":123,"seen":{"s:13:6:13:Infinity":0,"s:40:57:40:Infinity":1,"f:42:2:42:16":0,"s:43:4:43:Infinity":2,"f:46:2:46:16":1,"s:47:4:47:Infinity":3,"f:50:2:50:19":2,"s:51:4:51:Infinity":4,"f:54:2:54:53":3,"s:55:4:55:Infinity":5,"s:59:26:59:Infinity":6,"s:61:27:80:Infinity":7,"f:61:27:61:28":4,"s:62:38:62:Infinity":8,"s:63:2:78:Infinity":9,"s:64:19:69:Infinity":10,"b:64:19:64:45:64:45:69:Infinity":0,"s:70:4:77:Infinity":11,"s:79:2:79:Infinity":12,"s:82:33:351:Infinity":13,"f:82:33:82:34":5,"s:83:13:88:Infinity":14,"s:90:2:348:Infinity":15,"f:90:22:90:23":6,"s:91:4:91:Infinity":16,"s:93:39:93:Infinity":17,"s:94:37:94:Infinity":18,"s:95:40:95:Infinity":19,"s:98:4:175:Infinity":20,"f:100:6:100:7":7,"s:107:61:107:Infinity":21,"s:108:8:108:Infinity":22,"s:109:8:109:Infinity":23,"s:110:8:110:Infinity":24,"b:110:25:110:36:110:36:110:Infinity":1,"s:112:25:112:Infinity":25,"s:113:8:113:Infinity":26,"s:114:8:117:Infinity":27,"s:120:20:120:Infinity":28,"b:121:8:142:Infinity:undefined:undefined:undefined:undefined":2,"s:121:8:142:Infinity":29,"s:122:10:140:Infinity":30,"s:141:10:141:Infinity":31,"b:145:8:164:Infinity:undefined:undefined:undefined:undefined":3,"s:145:8:164:Infinity":32,"b:145:12:145:41:145:41:145:50":4,"s:146:10:151:Infinity":33,"b:147:18:147:31:147:31:147:Infinity":5,"b:148:20:148:30:148:30:148:Infinity":6,"b:152:10:159:Infinity:undefined:undefined:undefined:undefined":7,"s:152:10:159:Infinity":34,"s:153:12:158:Infinity":35,"s:160:10:160:Infinity":36,"s:163:10:163:Infinity":37,"s:167:8:173:Infinity":38,"s:178:4:252:Infinity":39,"f:180:6:180:7":8,"s:188:57:188:Infinity":40,"s:189:22:189:Infinity":41,"b:190:8:190:Infinity:undefined:undefined:undefined:undefined":8,"s:190:8:190:Infinity":42,"s:190:20:190:Infinity":43,"b:192:8:199:Infinity:undefined:undefined:undefined:undefined":9,"s:192:8:199:Infinity":44,"s:193:10:198:Infinity":45,"s:201:23:201:Infinity":46,"b:202:8:228:Infinity:206:8:228:Infinity":10,"s:202:8:228:Infinity":47,"b:203:10:205:Infinity:205:15:205:Infinity":11,"s:203:10:205:Infinity":48,"s:204:12:204:Infinity":49,"s:205:15:205:Infinity":50,"b:206:8:228:Infinity:217:8:228:Infinity":12,"s:206:8:228:Infinity":51,"b:207:10:216:Infinity:213:12:216:Infinity":13,"s:207:10:216:Infinity":52,"s:208:12:211:Infinity":53,"s:213:12:216:Infinity":54,"b:217:8:228:Infinity:undefined:undefined:undefined:undefined":14,"s:217:8:228:Infinity":55,"b:218:10:227:Infinity:224:12:227:Infinity":15,"s:218:10:227:Infinity":56,"s:219:12:222:Infinity":57,"s:224:12:227:Infinity":58,"s:231:27:231:Infinity":59,"b:231:27:231:63:231:63:231:Infinity":16,"s:232:26:232:Infinity":60,"s:233:27:233:Infinity":61,"s:234:8:237:Infinity":62,"s:235:10:235:Infinity":63,"s:236:10:236:Infinity":64,"s:238:8:238:Infinity":65,"s:239:8:239:Infinity":66,"s:241:8:241:Infinity":67,"s:244:8:250:Infinity":68,"s:255:4:329:Infinity":69,"f:257:6:257:7":9,"s:264:58:264:Infinity":70,"s:265:20:265:Infinity":71,"b:266:8:266:Infinity:undefined:undefined:undefined:undefined":17,"s:266:8:266:Infinity":72,"s:266:20:266:Infinity":73,"b:268:8:316:Infinity:282:8:316:Infinity":18,"s:268:8:316:Infinity":74,"b:268:12:268:55:268:55:268:66":19,"s:269:10:269:Infinity":75,"b:270:10:270:Infinity:undefined:undefined:undefined:undefined":20,"s:270:10:270:Infinity":76,"s:270:40:270:Infinity":77,"s:271:10:271:Infinity":78,"s:273:10:273:Infinity":79,"s:274:10:281:Infinity":80,"s:275:12:280:Infinity":81,"b:282:8:316:Infinity:285:8:316:Infinity":21,"s:282:8:316:Infinity":82,"s:283:10:283:Infinity":83,"s:284:10:284:Infinity":84,"b:285:8:316:Infinity:288:8:316:Infinity":22,"s:285:8:316:Infinity":85,"s:286:10:286:Infinity":86,"s:287:10:287:Infinity":87,"b:288:8:316:Infinity:296:8:316:Infinity":23,"s:288:8:316:Infinity":88,"s:289:10:289:Infinity":89,"s:290:10:290:Infinity":90,"b:290:51:290:64:290:64:290:Infinity":24,"s:291:10:291:Infinity":91,"s:292:10:292:Infinity":92,"s:293:10:293:Infinity":93,"s:294:10:294:Infinity":94,"s:295:10:295:Infinity":95,"b:296:8:316:Infinity:306:8:316:Infinity":25,"s:296:8:316:Infinity":96,"b:297:10:301:Infinity:299:17:301:Infinity":26,"s:297:10:301:Infinity":97,"s:298:12:298:Infinity":98,"s:300:12:300:Infinity":99,"b:302:10:305:Infinity:undefined:undefined:undefined:undefined":27,"s:302:10:305:Infinity":100,"s:303:12:303:Infinity":101,"s:304:12:304:Infinity":102,"b:306:8:316:Infinity:313:8:316:Infinity":28,"s:306:8:316:Infinity":103,"s:307:10:307:Infinity":104,"s:308:10:308:Infinity":105,"b:309:10:312:Infinity:undefined:undefined:undefined:undefined":29,"s:309:10:312:Infinity":106,"b:309:14:309:27:309:27:309:47":30,"s:310:12:310:Infinity":107,"s:311:12:311:Infinity":108,"b:313:8:316:Infinity:undefined:undefined:undefined:undefined":31,"s:313:8:316:Infinity":109,"s:314:10:314:Infinity":110,"s:315:10:315:Infinity":111,"s:318:8:318:Infinity":112,"s:321:8:327:Infinity":113,"s:332:4:347:Infinity":114,"f:332:38:332:44":10,"s:333:6:333:Infinity":115,"b:335:6:346:Infinity:undefined:undefined:undefined:undefined":32,"s:335:6:346:Infinity":116,"b:335:10:335:27:335:27:335:63:335:63:335:79":33,"s:336:22:336:Infinity":117,"b:337:8:345:Infinity:undefined:undefined:undefined:undefined":34,"s:337:8:345:Infinity":118,"b:337:12:337:21:337:21:337:51":35,"s:338:10:338:Infinity":119,"s:339:10:339:Infinity":120,"s:341:10:344:Infinity":121,"s:350:2:350:Infinity":122},"fnNames":{}}}
,"C:\\repos\\corner-click\\apps\\web-admin\\src\\components\\PublicScoreboard.tsx": {"path":"C:\\repos\\corner-click\\apps\\web-admin\\src\\components\\PublicScoreboard.tsx","statementMap":{"0":{"start":{"line":47,"column":15},"end":{"line":64,"column":null}},"1":{"start":{"line":66,"column":51},"end":{"line":73,"column":null}},"2":{"start":{"line":76,"column":36},"end":{"line":76,"column":null}},"3":{"start":{"line":77,"column":40},"end":{"line":77,"column":null}},"4":{"start":{"line":78,"column":36},"end":{"line":80,"column":null}},"5":{"start":{"line":82,"column":36},"end":{"line":84,"column":null}},"6":{"start":{"line":85,"column":38},"end":{"line":85,"column":null}},"7":{"start":{"line":86,"column":34},"end":{"line":86,"column":null}},"8":{"start":{"line":87,"column":36},"end":{"line":87,"column":null}},"9":{"start":{"line":89,"column":48},"end":{"line":89,"column":null}},"10":{"start":{"line":90,"column":19},"end":{"line":90,"column":null}},"11":{"start":{"line":93,"column":2},"end":{"line":99,"column":null}},"12":{"start":{"line":94,"column":10},"end":{"line":94,"column":null}},"13":{"start":{"line":95,"column":10},"end":{"line":97,"column":null}},"14":{"start":{"line":96,"column":6},"end":{"line":96,"column":null}},"15":{"start":{"line":98,"column":4},"end":{"line":98,"column":null}},"16":{"start":{"line":98,"column":17},"end":{"line":98,"column":null}},"17":{"start":{"line":101,"column":8},"end":{"line":101,"column":null}},"18":{"start":{"line":102,"column":8},"end":{"line":102,"column":null}},"19":{"start":{"line":105,"column":2},"end":{"line":114,"column":null}},"20":{"start":{"line":106,"column":4},"end":{"line":112,"column":null}},"21":{"start":{"line":111,"column":6},"end":{"line":111,"column":null}},"22":{"start":{"line":113,"column":4},"end":{"line":113,"column":null}},"23":{"start":{"line":117,"column":2},"end":{"line":128,"column":null}},"24":{"start":{"line":118,"column":4},"end":{"line":126,"column":null}},"25":{"start":{"line":125,"column":6},"end":{"line":125,"column":null}},"26":{"start":{"line":127,"column":4},"end":{"line":127,"column":null}},"27":{"start":{"line":131,"column":2},"end":{"line":179,"column":null}},"28":{"start":{"line":132,"column":4},"end":{"line":132,"column":null}},"29":{"start":{"line":132,"column":19},"end":{"line":132,"column":null}},"30":{"start":{"line":134,"column":10},"end":{"line":134,"column":null}},"31":{"start":{"line":136,"column":4},"end":{"line":174,"column":null}},"32":{"start":{"line":137,"column":6},"end":{"line":173,"column":null}},"33":{"start":{"line":138,"column":8},"end":{"line":146,"column":null}},"34":{"start":{"line":147,"column":8},"end":{"line":147,"column":null}},"35":{"start":{"line":148,"column":8},"end":{"line":148,"column":null}},"36":{"start":{"line":149,"column":8},"end":{"line":149,"column":null}},"37":{"start":{"line":150,"column":8},"end":{"line":152,"column":null}},"38":{"start":{"line":151,"column":10},"end":{"line":151,"column":null}},"39":{"start":{"line":155,"column":8},"end":{"line":163,"column":null}},"40":{"start":{"line":156,"column":10},"end":{"line":162,"column":null}},"41":{"start":{"line":156,"column":36},"end":{"line":162,"column":12}},"42":{"start":{"line":164,"column":8},"end":{"line":172,"column":null}},"43":{"start":{"line":165,"column":10},"end":{"line":171,"column":null}},"44":{"start":{"line":165,"column":36},"end":{"line":171,"column":12}},"45":{"start":{"line":176,"column":4},"end":{"line":178,"column":null}},"46":{"start":{"line":177,"column":6},"end":{"line":177,"column":null}},"47":{"start":{"line":182,"column":2},"end":{"line":225,"column":null}},"48":{"start":{"line":183,"column":4},"end":{"line":183,"column":null}},"49":{"start":{"line":183,"column":18},"end":{"line":183,"column":null}},"50":{"start":{"line":184,"column":10},"end":{"line":184,"column":null}},"51":{"start":{"line":186,"column":10},"end":{"line":222,"column":null}},"52":{"start":{"line":187,"column":6},"end":{"line":221,"column":null}},"53":{"start":{"line":188,"column":21},"end":{"line":188,"column":null}},"54":{"start":{"line":189,"column":8},"end":{"line":189,"column":null}},"55":{"start":{"line":192,"column":14},"end":{"line":195,"column":null}},"56":{"start":{"line":196,"column":24},"end":{"line":196,"column":null}},"57":{"start":{"line":197,"column":8},"end":{"line":199,"column":null}},"58":{"start":{"line":198,"column":10},"end":{"line":198,"column":null}},"59":{"start":{"line":202,"column":14},"end":{"line":205,"column":null}},"60":{"start":{"line":206,"column":26},"end":{"line":206,"column":null}},"61":{"start":{"line":207,"column":8},"end":{"line":218,"column":null}},"62":{"start":{"line":208,"column":28},"end":{"line":208,"column":null}},"63":{"start":{"line":209,"column":73},"end":{"line":209,"column":null}},"64":{"start":{"line":210,"column":10},"end":{"line":216,"column":null}},"65":{"start":{"line":211,"column":22},"end":{"line":211,"column":null}},"66":{"start":{"line":212,"column":12},"end":{"line":215,"column":null}},"67":{"start":{"line":217,"column":10},"end":{"line":217,"column":null}},"68":{"start":{"line":220,"column":8},"end":{"line":220,"column":null}},"69":{"start":{"line":224,"column":4},"end":{"line":224,"column":null}},"70":{"start":{"line":224,"column":17},"end":{"line":224,"column":null}},"71":{"start":{"line":228,"column":2},"end":{"line":250,"column":null}},"72":{"start":{"line":229,"column":4},"end":{"line":229,"column":null}},"73":{"start":{"line":229,"column":34},"end":{"line":229,"column":null}},"74":{"start":{"line":231,"column":10},"end":{"line":231,"column":null}},"75":{"start":{"line":233,"column":10},"end":{"line":247,"column":null}},"76":{"start":{"line":234,"column":6},"end":{"line":246,"column":null}},"77":{"start":{"line":235,"column":21},"end":{"line":235,"column":null}},"78":{"start":{"line":236,"column":8},"end":{"line":238,"column":null}},"79":{"start":{"line":239,"column":8},"end":{"line":239,"column":null}},"80":{"start":{"line":240,"column":8},"end":{"line":240,"column":null}},"81":{"start":{"line":241,"column":8},"end":{"line":245,"column":null}},"82":{"start":{"line":242,"column":10},"end":{"line":242,"column":null}},"83":{"start":{"line":244,"column":10},"end":{"line":244,"column":null}},"84":{"start":{"line":249,"column":4},"end":{"line":249,"column":null}},"85":{"start":{"line":249,"column":17},"end":{"line":249,"column":null}},"86":{"start":{"line":253,"column":2},"end":{"line":282,"column":null}},"87":{"start":{"line":254,"column":4},"end":{"line":254,"column":null}},"88":{"start":{"line":254,"column":18},"end":{"line":254,"column":null}},"89":{"start":{"line":255,"column":42},"end":{"line":255,"column":null}},"90":{"start":{"line":256,"column":4},"end":{"line":256,"column":null}},"91":{"start":{"line":258,"column":4},"end":{"line":277,"column":null}},"92":{"start":{"line":263,"column":6},"end":{"line":265,"column":null}},"93":{"start":{"line":267,"column":6},"end":{"line":276,"column":null}},"94":{"start":{"line":268,"column":8},"end":{"line":275,"column":null}},"95":{"start":{"line":269,"column":23},"end":{"line":269,"column":null}},"96":{"start":{"line":270,"column":10},"end":{"line":272,"column":null}},"97":{"start":{"line":271,"column":12},"end":{"line":271,"column":null}},"98":{"start":{"line":274,"column":10},"end":{"line":274,"column":null}},"99":{"start":{"line":279,"column":4},"end":{"line":281,"column":null}},"100":{"start":{"line":280,"column":6},"end":{"line":280,"column":null}},"101":{"start":{"line":280,"column":23},"end":{"line":280,"column":null}},"102":{"start":{"line":284,"column":21},"end":{"line":290,"column":null}},"103":{"start":{"line":285,"column":14},"end":{"line":287,"column":null}},"104":{"start":{"line":288,"column":10},"end":{"line":288,"column":null}},"105":{"start":{"line":289,"column":4},"end":{"line":289,"column":null}},"106":{"start":{"line":293,"column":17},"end":{"line":293,"column":null}},"107":{"start":{"line":294,"column":18},"end":{"line":294,"column":null}},"108":{"start":{"line":295,"column":17},"end":{"line":295,"column":null}},"109":{"start":{"line":296,"column":17},"end":{"line":296,"column":null}},"110":{"start":{"line":297,"column":18},"end":{"line":297,"column":null}},"111":{"start":{"line":299,"column":2},"end":{"line":315,"column":null}},"112":{"start":{"line":300,"column":10},"end":{"line":304,"column":null}},"113":{"start":{"line":305,"column":10},"end":{"line":309,"column":null}},"114":{"start":{"line":310,"column":4},"end":{"line":310,"column":null}},"115":{"start":{"line":311,"column":4},"end":{"line":311,"column":null}},"116":{"start":{"line":312,"column":4},"end":{"line":314,"column":null}},"117":{"start":{"line":312,"column":15},"end":{"line":312,"column":null}},"118":{"start":{"line":312,"column":15},"end":{"line":314,"column":null}},"119":{"start":{"line":313,"column":20},"end":{"line":313,"column":null}},"120":{"start":{"line":314,"column":9},"end":{"line":314,"column":null}},"121":{"start":{"line":317,"column":22},"end":{"line":321,"column":null}},"122":{"start":{"line":318,"column":4},"end":{"line":318,"column":null}},"123":{"start":{"line":318,"column":62},"end":{"line":318,"column":null}},"124":{"start":{"line":319,"column":4},"end":{"line":319,"column":null}},"125":{"start":{"line":319,"column":22},"end":{"line":319,"column":null}},"126":{"start":{"line":320,"column":4},"end":{"line":320,"column":null}},"127":{"start":{"line":323,"column":22},"end":{"line":327,"column":null}},"128":{"start":{"line":324,"column":4},"end":{"line":325,"column":null}},"129":{"start":{"line":325,"column":6},"end":{"line":325,"column":null}},"130":{"start":{"line":326,"column":4},"end":{"line":326,"column":null}},"131":{"start":{"line":329,"column":2},"end":{"line":353,"column":null}},"132":{"start":{"line":330,"column":4},"end":{"line":351,"column":null}},"133":{"start":{"line":356,"column":25},"end":{"line":361,"column":null}},"134":{"start":{"line":357,"column":4},"end":{"line":359,"column":null}},"135":{"start":{"line":358,"column":6},"end":{"line":358,"column":null}},"136":{"start":{"line":360,"column":4},"end":{"line":360,"column":null}},"137":{"start":{"line":364,"column":4},"end":{"line":364,"column":null}},"138":{"start":{"line":366,"column":2},"end":{"line":534,"column":null}}},"fnMap":{"0":{"name":"PublicScoreboard","decl":{"start":{"line":75,"column":24},"end":{"line":75,"column":41}},"loc":{"start":{"line":75,"column":76},"end":{"line":536,"column":null}},"line":75},"1":{"name":"(anonymous_1)","decl":{"start":{"line":93,"column":12},"end":{"line":93,"column":18}},"loc":{"start":{"line":93,"column":18},"end":{"line":99,"column":5}},"line":93},"2":{"name":"(anonymous_2)","decl":{"start":{"line":95,"column":46},"end":{"line":95,"column":47}},"loc":{"start":{"line":95,"column":56},"end":{"line":97,"column":5}},"line":95},"3":{"name":"(anonymous_3)","decl":{"start":{"line":98,"column":11},"end":{"line":98,"column":17}},"loc":{"start":{"line":98,"column":17},"end":{"line":98,"column":null}},"line":98},"4":{"name":"(anonymous_4)","decl":{"start":{"line":105,"column":12},"end":{"line":105,"column":18}},"loc":{"start":{"line":105,"column":18},"end":{"line":114,"column":5}},"line":105},"5":{"name":"(anonymous_5)","decl":{"start":{"line":117,"column":12},"end":{"line":117,"column":18}},"loc":{"start":{"line":117,"column":18},"end":{"line":128,"column":5}},"line":117},"6":{"name":"(anonymous_6)","decl":{"start":{"line":131,"column":12},"end":{"line":131,"column":18}},"loc":{"start":{"line":131,"column":18},"end":{"line":179,"column":5}},"line":131},"7":{"name":"(anonymous_7)","decl":{"start":{"line":136,"column":39},"end":{"line":136,"column":40}},"loc":{"start":{"line":136,"column":55},"end":{"line":174,"column":5}},"line":136},"8":{"name":"(anonymous_8)","decl":{"start":{"line":156,"column":25},"end":{"line":156,"column":26}},"loc":{"start":{"line":156,"column":36},"end":{"line":162,"column":12}},"line":156},"9":{"name":"(anonymous_9)","decl":{"start":{"line":165,"column":25},"end":{"line":165,"column":26}},"loc":{"start":{"line":165,"column":36},"end":{"line":171,"column":12}},"line":165},"10":{"name":"(anonymous_10)","decl":{"start":{"line":176,"column":11},"end":{"line":176,"column":17}},"loc":{"start":{"line":176,"column":17},"end":{"line":178,"column":null}},"line":176},"11":{"name":"(anonymous_11)","decl":{"start":{"line":182,"column":12},"end":{"line":182,"column":18}},"loc":{"start":{"line":182,"column":18},"end":{"line":225,"column":5}},"line":182},"12":{"name":"(anonymous_12)","decl":{"start":{"line":186,"column":46},"end":{"line":186,"column":53}},"loc":{"start":{"line":186,"column":66},"end":{"line":222,"column":5}},"line":186},"13":{"name":"(anonymous_13)","decl":{"start":{"line":210,"column":41},"end":{"line":210,"column":42}},"loc":{"start":{"line":210,"column":50},"end":{"line":216,"column":11}},"line":210},"14":{"name":"(anonymous_14)","decl":{"start":{"line":224,"column":11},"end":{"line":224,"column":17}},"loc":{"start":{"line":224,"column":17},"end":{"line":224,"column":null}},"line":224},"15":{"name":"(anonymous_15)","decl":{"start":{"line":228,"column":12},"end":{"line":228,"column":18}},"loc":{"start":{"line":228,"column":18},"end":{"line":250,"column":5}},"line":228},"16":{"name":"(anonymous_16)","decl":{"start":{"line":233,"column":46},"end":{"line":233,"column":47}},"loc":{"start":{"line":233,"column":60},"end":{"line":247,"column":5}},"line":233},"17":{"name":"(anonymous_17)","decl":{"start":{"line":249,"column":11},"end":{"line":249,"column":17}},"loc":{"start":{"line":249,"column":17},"end":{"line":249,"column":null}},"line":249},"18":{"name":"(anonymous_18)","decl":{"start":{"line":253,"column":12},"end":{"line":253,"column":18}},"loc":{"start":{"line":253,"column":18},"end":{"line":282,"column":5}},"line":253},"19":{"name":"(anonymous_19)","decl":{"start":{"line":267,"column":30},"end":{"line":267,"column":31}},"loc":{"start":{"line":267,"column":41},"end":{"line":276,"column":null}},"line":267},"20":{"name":"(anonymous_20)","decl":{"start":{"line":279,"column":11},"end":{"line":279,"column":17}},"loc":{"start":{"line":279,"column":17},"end":{"line":281,"column":null}},"line":279},"21":{"name":"(anonymous_21)","decl":{"start":{"line":284,"column":21},"end":{"line":284,"column":22}},"loc":{"start":{"line":284,"column":42},"end":{"line":290,"column":null}},"line":284},"22":{"name":"(anonymous_22)","decl":{"start":{"line":299,"column":36},"end":{"line":299,"column":37}},"loc":{"start":{"line":299,"column":46},"end":{"line":315,"column":3}},"line":299},"23":{"name":"(anonymous_23)","decl":{"start":{"line":317,"column":22},"end":{"line":317,"column":23}},"loc":{"start":{"line":317,"column":38},"end":{"line":321,"column":null}},"line":317},"24":{"name":"(anonymous_24)","decl":{"start":{"line":323,"column":22},"end":{"line":323,"column":23}},"loc":{"start":{"line":323,"column":38},"end":{"line":327,"column":null}},"line":323},"25":{"name":"(anonymous_25)","decl":{"start":{"line":356,"column":25},"end":{"line":356,"column":26}},"loc":{"start":{"line":356,"column":50},"end":{"line":361,"column":null}},"line":356}},"branchMap":{"0":{"loc":{"start":{"line":106,"column":4},"end":{"line":112,"column":null}},"type":"if","locations":[{"start":{"line":106,"column":4},"end":{"line":112,"column":null}},{"start":{},"end":{}}],"line":106},"1":{"loc":{"start":{"line":107,"column":6},"end":{"line":109,"column":null}},"type":"binary-expr","locations":[{"start":{"line":107,"column":6},"end":{"line":107,"column":null}},{"start":{"line":108,"column":6},"end":{"line":108,"column":null}},{"start":{"line":109,"column":6},"end":{"line":109,"column":null}}],"line":107},"2":{"loc":{"start":{"line":118,"column":4},"end":{"line":126,"column":null}},"type":"if","locations":[{"start":{"line":118,"column":4},"end":{"line":126,"column":null}},{"start":{},"end":{}}],"line":118},"3":{"loc":{"start":{"line":119,"column":6},"end":{"line":123,"column":null}},"type":"binary-expr","locations":[{"start":{"line":119,"column":6},"end":{"line":119,"column":null}},{"start":{"line":120,"column":6},"end":{"line":120,"column":null}},{"start":{"line":121,"column":6},"end":{"line":121,"column":null}},{"start":{"line":122,"column":7},"end":{"line":122,"column":null}},{"start":{"line":123,"column":8},"end":{"line":123,"column":null}}],"line":119},"4":{"loc":{"start":{"line":132,"column":4},"end":{"line":132,"column":null}},"type":"if","locations":[{"start":{"line":132,"column":4},"end":{"line":132,"column":null}},{"start":{},"end":{}}],"line":132},"5":{"loc":{"start":{"line":137,"column":6},"end":{"line":173,"column":null}},"type":"if","locations":[{"start":{"line":137,"column":6},"end":{"line":173,"column":null}},{"start":{},"end":{}}],"line":137},"6":{"loc":{"start":{"line":137,"column":10},"end":{"line":137,"column":32}},"type":"binary-expr","locations":[{"start":{"line":137,"column":10},"end":{"line":137,"column":19}},{"start":{"line":137,"column":19},"end":{"line":137,"column":32}}],"line":137},"7":{"loc":{"start":{"line":144,"column":17},"end":{"line":144,"column":null}},"type":"binary-expr","locations":[{"start":{"line":144,"column":17},"end":{"line":144,"column":38}},{"start":{"line":144,"column":38},"end":{"line":144,"column":null}}],"line":144},"8":{"loc":{"start":{"line":145,"column":23},"end":{"line":145,"column":null}},"type":"binary-expr","locations":[{"start":{"line":145,"column":23},"end":{"line":145,"column":50}},{"start":{"line":145,"column":50},"end":{"line":145,"column":null}}],"line":145},"9":{"loc":{"start":{"line":149,"column":23},"end":{"line":149,"column":55}},"type":"binary-expr","locations":[{"start":{"line":149,"column":23},"end":{"line":149,"column":50}},{"start":{"line":149,"column":50},"end":{"line":149,"column":55}}],"line":149},"10":{"loc":{"start":{"line":150,"column":8},"end":{"line":152,"column":null}},"type":"if","locations":[{"start":{"line":150,"column":8},"end":{"line":152,"column":null}},{"start":{},"end":{}}],"line":150},"11":{"loc":{"start":{"line":155,"column":8},"end":{"line":163,"column":null}},"type":"if","locations":[{"start":{"line":155,"column":8},"end":{"line":163,"column":null}},{"start":{},"end":{}}],"line":155},"12":{"loc":{"start":{"line":160,"column":20},"end":{"line":160,"column":null}},"type":"binary-expr","locations":[{"start":{"line":160,"column":20},"end":{"line":160,"column":53}},{"start":{"line":160,"column":53},"end":{"line":160,"column":null}}],"line":160},"13":{"loc":{"start":{"line":164,"column":8},"end":{"line":172,"column":null}},"type":"if","locations":[{"start":{"line":164,"column":8},"end":{"line":172,"column":null}},{"start":{},"end":{}}],"line":164},"14":{"loc":{"start":{"line":169,"column":20},"end":{"line":169,"column":null}},"type":"binary-expr","locations":[{"start":{"line":169,"column":20},"end":{"line":169,"column":54}},{"start":{"line":169,"column":54},"end":{"line":169,"column":null}}],"line":169},"15":{"loc":{"start":{"line":183,"column":4},"end":{"line":183,"column":null}},"type":"if","locations":[{"start":{"line":183,"column":4},"end":{"line":183,"column":null}},{"start":{},"end":{}}],"line":183},"16":{"loc":{"start":{"line":187,"column":6},"end":{"line":221,"column":null}},"type":"if","locations":[{"start":{"line":187,"column":6},"end":{"line":221,"column":null}},{"start":{"line":219,"column":13},"end":{"line":221,"column":null}}],"line":187},"17":{"loc":{"start":{"line":197,"column":8},"end":{"line":199,"column":null}},"type":"if","locations":[{"start":{"line":197,"column":8},"end":{"line":199,"column":null}},{"start":{},"end":{}}],"line":197},"18":{"loc":{"start":{"line":198,"column":26},"end":{"line":198,"column":50}},"type":"binary-expr","locations":[{"start":{"line":198,"column":26},"end":{"line":198,"column":48}},{"start":{"line":198,"column":48},"end":{"line":198,"column":50}}],"line":198},"19":{"loc":{"start":{"line":207,"column":8},"end":{"line":218,"column":null}},"type":"if","locations":[{"start":{"line":207,"column":8},"end":{"line":218,"column":null}},{"start":{},"end":{}}],"line":207},"20":{"loc":{"start":{"line":214,"column":20},"end":{"line":214,"column":null}},"type":"binary-expr","locations":[{"start":{"line":214,"column":20},"end":{"line":214,"column":30}},{"start":{"line":214,"column":30},"end":{"line":214,"column":null}}],"line":214},"21":{"loc":{"start":{"line":229,"column":4},"end":{"line":229,"column":null}},"type":"if","locations":[{"start":{"line":229,"column":4},"end":{"line":229,"column":null}},{"start":{},"end":{}}],"line":229},"22":{"loc":{"start":{"line":229,"column":8},"end":{"line":229,"column":34}},"type":"binary-expr","locations":[{"start":{"line":229,"column":8},"end":{"line":229,"column":20}},{"start":{"line":229,"column":20},"end":{"line":229,"column":34}}],"line":229},"23":{"loc":{"start":{"line":234,"column":6},"end":{"line":246,"column":null}},"type":"if","locations":[{"start":{"line":234,"column":6},"end":{"line":246,"column":null}},{"start":{},"end":{}}],"line":234},"24":{"loc":{"start":{"line":237,"column":10},"end":{"line":237,"column":null}},"type":"cond-expr","locations":[{"start":{"line":237,"column":45},"end":{"line":237,"column":66}},{"start":{"line":237,"column":66},"end":{"line":237,"column":null}}],"line":237},"25":{"loc":{"start":{"line":239,"column":23},"end":{"line":239,"column":57}},"type":"binary-expr","locations":[{"start":{"line":239,"column":23},"end":{"line":239,"column":38}},{"start":{"line":239,"column":38},"end":{"line":239,"column":57}}],"line":239},"26":{"loc":{"start":{"line":240,"column":23},"end":{"line":240,"column":48}},"type":"binary-expr","locations":[{"start":{"line":240,"column":23},"end":{"line":240,"column":43}},{"start":{"line":240,"column":43},"end":{"line":240,"column":48}}],"line":240},"27":{"loc":{"start":{"line":241,"column":8},"end":{"line":245,"column":null}},"type":"if","locations":[{"start":{"line":241,"column":8},"end":{"line":245,"column":null}},{"start":{"line":243,"column":15},"end":{"line":245,"column":null}}],"line":241},"28":{"loc":{"start":{"line":254,"column":4},"end":{"line":254,"column":null}},"type":"if","locations":[{"start":{"line":254,"column":4},"end":{"line":254,"column":null}},{"start":{},"end":{}}],"line":254},"29":{"loc":{"start":{"line":258,"column":4},"end":{"line":277,"column":null}},"type":"if","locations":[{"start":{"line":258,"column":4},"end":{"line":277,"column":null}},{"start":{},"end":{}}],"line":258},"30":{"loc":{"start":{"line":259,"column":6},"end":{"line":261,"column":null}},"type":"binary-expr","locations":[{"start":{"line":259,"column":6},"end":{"line":259,"column":null}},{"start":{"line":260,"column":7},"end":{"line":260,"column":null}},{"start":{"line":261,"column":8},"end":{"line":261,"column":null}}],"line":259},"31":{"loc":{"start":{"line":270,"column":10},"end":{"line":272,"column":null}},"type":"if","locations":[{"start":{"line":270,"column":10},"end":{"line":272,"column":null}},{"start":{},"end":{}}],"line":270},"32":{"loc":{"start":{"line":280,"column":6},"end":{"line":280,"column":null}},"type":"if","locations":[{"start":{"line":280,"column":6},"end":{"line":280,"column":null}},{"start":{},"end":{}}],"line":280},"33":{"loc":{"start":{"line":301,"column":6},"end":{"line":301,"column":null}},"type":"binary-expr","locations":[{"start":{"line":301,"column":6},"end":{"line":301,"column":23}},{"start":{"line":301,"column":23},"end":{"line":301,"column":null}}],"line":301},"34":{"loc":{"start":{"line":302,"column":6},"end":{"line":302,"column":null}},"type":"binary-expr","locations":[{"start":{"line":302,"column":6},"end":{"line":302,"column":26}},{"start":{"line":302,"column":26},"end":{"line":302,"column":null}}],"line":302},"35":{"loc":{"start":{"line":303,"column":6},"end":{"line":303,"column":null}},"type":"binary-expr","locations":[{"start":{"line":303,"column":6},"end":{"line":303,"column":28}},{"start":{"line":303,"column":28},"end":{"line":303,"column":null}}],"line":303},"36":{"loc":{"start":{"line":306,"column":6},"end":{"line":306,"column":null}},"type":"binary-expr","locations":[{"start":{"line":306,"column":6},"end":{"line":306,"column":24}},{"start":{"line":306,"column":24},"end":{"line":306,"column":null}}],"line":306},"37":{"loc":{"start":{"line":307,"column":6},"end":{"line":307,"column":null}},"type":"binary-expr","locations":[{"start":{"line":307,"column":6},"end":{"line":307,"column":27}},{"start":{"line":307,"column":27},"end":{"line":307,"column":null}}],"line":307},"38":{"loc":{"start":{"line":308,"column":6},"end":{"line":308,"column":null}},"type":"binary-expr","locations":[{"start":{"line":308,"column":6},"end":{"line":308,"column":29}},{"start":{"line":308,"column":29},"end":{"line":308,"column":null}}],"line":308},"39":{"loc":{"start":{"line":312,"column":4},"end":{"line":314,"column":null}},"type":"if","locations":[{"start":{"line":312,"column":4},"end":{"line":314,"column":null}},{"start":{"line":312,"column":15},"end":{"line":314,"column":null}}],"line":312},"40":{"loc":{"start":{"line":312,"column":15},"end":{"line":314,"column":null}},"type":"if","locations":[{"start":{"line":312,"column":15},"end":{"line":314,"column":null}},{"start":{"line":314,"column":9},"end":{"line":314,"column":null}}],"line":312},"41":{"loc":{"start":{"line":318,"column":4},"end":{"line":318,"column":null}},"type":"if","locations":[{"start":{"line":318,"column":4},"end":{"line":318,"column":null}},{"start":{},"end":{}}],"line":318},"42":{"loc":{"start":{"line":318,"column":8},"end":{"line":318,"column":62}},"type":"binary-expr","locations":[{"start":{"line":318,"column":8},"end":{"line":318,"column":15}},{"start":{"line":318,"column":15},"end":{"line":318,"column":28}},{"start":{"line":318,"column":28},"end":{"line":318,"column":62}}],"line":318},"43":{"loc":{"start":{"line":319,"column":4},"end":{"line":319,"column":null}},"type":"if","locations":[{"start":{"line":319,"column":4},"end":{"line":319,"column":null}},{"start":{},"end":{}}],"line":319},"44":{"loc":{"start":{"line":320,"column":11},"end":{"line":320,"column":null}},"type":"binary-expr","locations":[{"start":{"line":320,"column":11},"end":{"line":320,"column":36}},{"start":{"line":320,"column":36},"end":{"line":320,"column":null}}],"line":320},"45":{"loc":{"start":{"line":324,"column":4},"end":{"line":325,"column":null}},"type":"if","locations":[{"start":{"line":324,"column":4},"end":{"line":325,"column":null}},{"start":{},"end":{}}],"line":324},"46":{"loc":{"start":{"line":324,"column":8},"end":{"line":324,"column":null}},"type":"binary-expr","locations":[{"start":{"line":324,"column":8},"end":{"line":324,"column":15}},{"start":{"line":324,"column":15},"end":{"line":324,"column":28}},{"start":{"line":324,"column":28},"end":{"line":324,"column":64}},{"start":{"line":324,"column":64},"end":{"line":324,"column":null}}],"line":324},"47":{"loc":{"start":{"line":326,"column":11},"end":{"line":326,"column":null}},"type":"binary-expr","locations":[{"start":{"line":326,"column":11},"end":{"line":326,"column":36}},{"start":{"line":326,"column":36},"end":{"line":326,"column":null}}],"line":326},"48":{"loc":{"start":{"line":329,"column":2},"end":{"line":353,"column":null}},"type":"if","locations":[{"start":{"line":329,"column":2},"end":{"line":353,"column":null}},{"start":{},"end":{}}],"line":329},"49":{"loc":{"start":{"line":357,"column":4},"end":{"line":359,"column":null}},"type":"if","locations":[{"start":{"line":357,"column":4},"end":{"line":359,"column":null}},{"start":{},"end":{}}],"line":357},"50":{"loc":{"start":{"line":357,"column":8},"end":{"line":357,"column":54}},"type":"binary-expr","locations":[{"start":{"line":357,"column":8},"end":{"line":357,"column":23}},{"start":{"line":357,"column":23},"end":{"line":357,"column":54}}],"line":357},"51":{"loc":{"start":{"line":360,"column":11},"end":{"line":360,"column":null}},"type":"binary-expr","locations":[{"start":{"line":360,"column":11},"end":{"line":360,"column":36}},{"start":{"line":360,"column":36},"end":{"line":360,"column":null}}],"line":360},"52":{"loc":{"start":{"line":364,"column":4},"end":{"line":364,"column":null}},"type":"binary-expr","locations":[{"start":{"line":364,"column":4},"end":{"line":364,"column":41}},{"start":{"line":364,"column":41},"end":{"line":364,"column":null}}],"line":364},"53":{"loc":{"start":{"line":380,"column":13},"end":{"line":380,"column":null}},"type":"binary-expr","locations":[{"start":{"line":380,"column":13},"end":{"line":380,"column":29}},{"start":{"line":380,"column":29},"end":{"line":380,"column":null}}],"line":380},"54":{"loc":{"start":{"line":386,"column":13},"end":{"line":388,"column":null}},"type":"cond-expr","locations":[{"start":{"line":387,"column":16},"end":{"line":387,"column":null}},{"start":{"line":388,"column":16},"end":{"line":388,"column":null}}],"line":386},"55":{"loc":{"start":{"line":391,"column":13},"end":{"line":398,"column":null}},"type":"cond-expr","locations":[{"start":{"line":392,"column":14},"end":{"line":394,"column":null}},{"start":{"line":396,"column":14},"end":{"line":398,"column":null}}],"line":391},"56":{"loc":{"start":{"line":423,"column":16},"end":{"line":425,"column":null}},"type":"cond-expr","locations":[{"start":{"line":424,"column":20},"end":{"line":424,"column":null}},{"start":{"line":425,"column":20},"end":{"line":425,"column":null}}],"line":423},"57":{"loc":{"start":{"line":428,"column":15},"end":{"line":428,"column":null}},"type":"cond-expr","locations":[{"start":{"line":428,"column":33},"end":{"line":428,"column":44}},{"start":{"line":428,"column":44},"end":{"line":428,"column":null}}],"line":428},"58":{"loc":{"start":{"line":431,"column":15},"end":{"line":431,"column":null}},"type":"cond-expr","locations":[{"start":{"line":431,"column":33},"end":{"line":431,"column":54}},{"start":{"line":431,"column":54},"end":{"line":431,"column":null}}],"line":431},"59":{"loc":{"start":{"line":442,"column":13},"end":{"line":446,"column":null}},"type":"cond-expr","locations":[{"start":{"line":443,"column":16},"end":{"line":443,"column":null}},{"start":{"line":444,"column":16},"end":{"line":446,"column":null}}],"line":442},"60":{"loc":{"start":{"line":444,"column":16},"end":{"line":446,"column":null}},"type":"cond-expr","locations":[{"start":{"line":445,"column":18},"end":{"line":445,"column":null}},{"start":{"line":446,"column":18},"end":{"line":446,"column":null}}],"line":444},"61":{"loc":{"start":{"line":451,"column":14},"end":{"line":457,"column":null}},"type":"cond-expr","locations":[{"start":{"line":452,"column":18},"end":{"line":452,"column":null}},{"start":{"line":453,"column":18},"end":{"line":457,"column":null}}],"line":451},"62":{"loc":{"start":{"line":451,"column":14},"end":{"line":451,"column":null}},"type":"binary-expr","locations":[{"start":{"line":451,"column":14},"end":{"line":451,"column":29}},{"start":{"line":451,"column":29},"end":{"line":451,"column":null}}],"line":451},"63":{"loc":{"start":{"line":453,"column":18},"end":{"line":457,"column":null}},"type":"cond-expr","locations":[{"start":{"line":454,"column":20},"end":{"line":454,"column":null}},{"start":{"line":455,"column":20},"end":{"line":457,"column":null}}],"line":453},"64":{"loc":{"start":{"line":455,"column":20},"end":{"line":457,"column":null}},"type":"cond-expr","locations":[{"start":{"line":456,"column":22},"end":{"line":456,"column":null}},{"start":{"line":457,"column":22},"end":{"line":457,"column":null}}],"line":455},"65":{"loc":{"start":{"line":466,"column":16},"end":{"line":478,"column":null}},"type":"cond-expr","locations":[{"start":{"line":467,"column":20},"end":{"line":467,"column":null}},{"start":{"line":468,"column":20},"end":{"line":478,"column":null}}],"line":466},"66":{"loc":{"start":{"line":468,"column":20},"end":{"line":478,"column":null}},"type":"cond-expr","locations":[{"start":{"line":469,"column":22},"end":{"line":469,"column":null}},{"start":{"line":470,"column":22},"end":{"line":478,"column":null}}],"line":468},"67":{"loc":{"start":{"line":468,"column":20},"end":{"line":468,"column":null}},"type":"binary-expr","locations":[{"start":{"line":468,"column":20},"end":{"line":468,"column":35}},{"start":{"line":468,"column":35},"end":{"line":468,"column":null}}],"line":468},"68":{"loc":{"start":{"line":470,"column":22},"end":{"line":478,"column":null}},"type":"cond-expr","locations":[{"start":{"line":471,"column":24},"end":{"line":471,"column":null}},{"start":{"line":472,"column":24},"end":{"line":478,"column":null}}],"line":470},"69":{"loc":{"start":{"line":472,"column":24},"end":{"line":478,"column":null}},"type":"cond-expr","locations":[{"start":{"line":473,"column":26},"end":{"line":473,"column":null}},{"start":{"line":474,"column":26},"end":{"line":478,"column":null}}],"line":472},"70":{"loc":{"start":{"line":474,"column":26},"end":{"line":478,"column":null}},"type":"cond-expr","locations":[{"start":{"line":475,"column":28},"end":{"line":475,"column":null}},{"start":{"line":476,"column":28},"end":{"line":478,"column":null}}],"line":474},"71":{"loc":{"start":{"line":476,"column":28},"end":{"line":478,"column":null}},"type":"cond-expr","locations":[{"start":{"line":477,"column":30},"end":{"line":477,"column":null}},{"start":{"line":478,"column":30},"end":{"line":478,"column":null}}],"line":476},"72":{"loc":{"start":{"line":485,"column":11},"end":{"line":488,"column":null}},"type":"binary-expr","locations":[{"start":{"line":485,"column":11},"end":{"line":485,"column":null}},{"start":{"line":486,"column":12},"end":{"line":488,"column":null}}],"line":485},"73":{"loc":{"start":{"line":509,"column":16},"end":{"line":511,"column":null}},"type":"cond-expr","locations":[{"start":{"line":510,"column":20},"end":{"line":510,"column":null}},{"start":{"line":511,"column":20},"end":{"line":511,"column":null}}],"line":509},"74":{"loc":{"start":{"line":514,"column":15},"end":{"line":514,"column":null}},"type":"cond-expr","locations":[{"start":{"line":514,"column":33},"end":{"line":514,"column":45}},{"start":{"line":514,"column":45},"end":{"line":514,"column":null}}],"line":514},"75":{"loc":{"start":{"line":517,"column":15},"end":{"line":517,"column":null}},"type":"cond-expr","locations":[{"start":{"line":517,"column":33},"end":{"line":517,"column":54}},{"start":{"line":517,"column":54},"end":{"line":517,"column":null}}],"line":517}},"s":{"0":2,"1":2,"2":15,"3":15,"4":15,"5":15,"6":15,"7":15,"8":15,"9":15,"10":15,"11":15,"12":4,"13":4,"14":2,"15":4,"16":4,"17":15,"18":15,"19":15,"20":6,"21":2,"22":6,"23":15,"24":6,"25":0,"26":6,"27":15,"28":5,"29":4,"30":1,"31":1,"32":1,"33":1,"34":1,"35":1,"36":1,"37":1,"38":1,"39":1,"40":1,"41":1,"42":1,"43":1,"44":1,"45":1,"46":1,"47":15,"48":5,"49":1,"50":4,"51":4,"52":1,"53":1,"54":1,"55":1,"56":1,"57":1,"58":1,"59":1,"60":1,"61":1,"62":1,"63":1,"64":1,"65":2,"66":2,"67":1,"68":0,"69":4,"70":4,"71":15,"72":7,"73":6,"74":1,"75":1,"76":1,"77":1,"78":1,"79":1,"80":1,"81":1,"82":1,"83":0,"84":1,"85":1,"86":15,"87":8,"88":2,"89":6,"90":6,"91":6,"92":0,"93":0,"94":0,"95":0,"96":0,"97":0,"98":0,"99":6,"100":6,"101":0,"102":15,"103":5,"104":5,"105":5,"106":15,"107":15,"108":15,"109":15,"110":15,"111":15,"112":2,"113":2,"114":2,"115":2,"116":2,"117":1,"118":1,"119":0,"120":1,"121":15,"122":10,"123":0,"124":10,"125":0,"126":10,"127":15,"128":10,"129":0,"130":10,"131":15,"132":10,"133":5,"134":5,"135":0,"136":5,"137":5,"138":15},"f":{"0":15,"1":4,"2":2,"3":4,"4":6,"5":6,"6":5,"7":1,"8":1,"9":1,"10":1,"11":5,"12":1,"13":2,"14":4,"15":7,"16":1,"17":1,"18":8,"19":0,"20":6,"21":5,"22":2,"23":10,"24":10,"25":5},"b":{"0":[2,4],"1":[6,2,2],"2":[0,6],"3":[6,0,0,0,0],"4":[4,1],"5":[1,0],"6":[1,1],"7":[1,1],"8":[1,1],"9":[1,1],"10":[1,0],"11":[1,0],"12":[1,1],"13":[1,0],"14":[1,1],"15":[1,4],"16":[1,0],"17":[1,0],"18":[1,0],"19":[1,0],"20":[2,0],"21":[6,1],"22":[7,5],"23":[1,0],"24":[1,0],"25":[1,0],"26":[1,1],"27":[1,0],"28":[2,6],"29":[0,6],"30":[6,2,2],"31":[0,0],"32":[0,6],"33":[2,0],"34":[2,1],"35":[2,2],"36":[2,0],"37":[2,2],"38":[2,2],"39":[1,1],"40":[0,1],"41":[0,10],"42":[10,10,10],"43":[0,10],"44":[10,0],"45":[0,10],"46":[10,10,10,10],"47":[10,2],"48":[10,5],"49":[0,5],"50":[5,0],"51":[5,0],"52":[5,5],"53":[15,1],"54":[0,5],"55":[5,0],"56":[0,5],"57":[0,5],"58":[0,5],"59":[0,5],"60":[0,5],"61":[0,5],"62":[15,0],"63":[3,2],"64":[0,2],"65":[0,5],"66":[0,5],"67":[5,0],"68":[3,2],"69":[0,2],"70":[0,2],"71":[2,0],"72":[15,0],"73":[0,5],"74":[0,5],"75":[0,5]},"meta":{"lastBranch":76,"lastFunction":26,"lastStatement":139,"seen":{"s:47:15:64:Infinity":0,"s:66:51:73:Infinity":1,"f:75:24:75:41":0,"s:76:36:76:Infinity":2,"s:77:40:77:Infinity":3,"s:78:36:80:Infinity":4,"s:82:36:84:Infinity":5,"s:85:38:85:Infinity":6,"s:86:34:86:Infinity":7,"s:87:36:87:Infinity":8,"s:89:48:89:Infinity":9,"s:90:19:90:Infinity":10,"s:93:2:99:Infinity":11,"f:93:12:93:18":1,"s:94:10:94:Infinity":12,"s:95:10:97:Infinity":13,"f:95:46:95:47":2,"s:96:6:96:Infinity":14,"s:98:4:98:Infinity":15,"f:98:11:98:17":3,"s:98:17:98:Infinity":16,"s:101:8:101:Infinity":17,"s:102:8:102:Infinity":18,"s:105:2:114:Infinity":19,"f:105:12:105:18":4,"b:106:4:112:Infinity:undefined:undefined:undefined:undefined":0,"s:106:4:112:Infinity":20,"b:107:6:107:Infinity:108:6:108:Infinity:109:6:109:Infinity":1,"s:111:6:111:Infinity":21,"s:113:4:113:Infinity":22,"s:117:2:128:Infinity":23,"f:117:12:117:18":5,"b:118:4:126:Infinity:undefined:undefined:undefined:undefined":2,"s:118:4:126:Infinity":24,"b:119:6:119:Infinity:120:6:120:Infinity:121:6:121:Infinity:122:7:122:Infinity:123:8:123:Infinity":3,"s:125:6:125:Infinity":25,"s:127:4:127:Infinity":26,"s:131:2:179:Infinity":27,"f:131:12:131:18":6,"b:132:4:132:Infinity:undefined:undefined:undefined:undefined":4,"s:132:4:132:Infinity":28,"s:132:19:132:Infinity":29,"s:134:10:134:Infinity":30,"s:136:4:174:Infinity":31,"f:136:39:136:40":7,"b:137:6:173:Infinity:undefined:undefined:undefined:undefined":5,"s:137:6:173:Infinity":32,"b:137:10:137:19:137:19:137:32":6,"s:138:8:146:Infinity":33,"b:144:17:144:38:144:38:144:Infinity":7,"b:145:23:145:50:145:50:145:Infinity":8,"s:147:8:147:Infinity":34,"s:148:8:148:Infinity":35,"s:149:8:149:Infinity":36,"b:149:23:149:50:149:50:149:55":9,"b:150:8:152:Infinity:undefined:undefined:undefined:undefined":10,"s:150:8:152:Infinity":37,"s:151:10:151:Infinity":38,"b:155:8:163:Infinity:undefined:undefined:undefined:undefined":11,"s:155:8:163:Infinity":39,"s:156:10:162:Infinity":40,"f:156:25:156:26":8,"s:156:36:162:12":41,"b:160:20:160:53:160:53:160:Infinity":12,"b:164:8:172:Infinity:undefined:undefined:undefined:undefined":13,"s:164:8:172:Infinity":42,"s:165:10:171:Infinity":43,"f:165:25:165:26":9,"s:165:36:171:12":44,"b:169:20:169:54:169:54:169:Infinity":14,"s:176:4:178:Infinity":45,"f:176:11:176:17":10,"s:177:6:177:Infinity":46,"s:182:2:225:Infinity":47,"f:182:12:182:18":11,"b:183:4:183:Infinity:undefined:undefined:undefined:undefined":15,"s:183:4:183:Infinity":48,"s:183:18:183:Infinity":49,"s:184:10:184:Infinity":50,"s:186:10:222:Infinity":51,"f:186:46:186:53":12,"b:187:6:221:Infinity:219:13:221:Infinity":16,"s:187:6:221:Infinity":52,"s:188:21:188:Infinity":53,"s:189:8:189:Infinity":54,"s:192:14:195:Infinity":55,"s:196:24:196:Infinity":56,"b:197:8:199:Infinity:undefined:undefined:undefined:undefined":17,"s:197:8:199:Infinity":57,"s:198:10:198:Infinity":58,"b:198:26:198:48:198:48:198:50":18,"s:202:14:205:Infinity":59,"s:206:26:206:Infinity":60,"b:207:8:218:Infinity:undefined:undefined:undefined:undefined":19,"s:207:8:218:Infinity":61,"s:208:28:208:Infinity":62,"s:209:73:209:Infinity":63,"s:210:10:216:Infinity":64,"f:210:41:210:42":13,"s:211:22:211:Infinity":65,"s:212:12:215:Infinity":66,"b:214:20:214:30:214:30:214:Infinity":20,"s:217:10:217:Infinity":67,"s:220:8:220:Infinity":68,"s:224:4:224:Infinity":69,"f:224:11:224:17":14,"s:224:17:224:Infinity":70,"s:228:2:250:Infinity":71,"f:228:12:228:18":15,"b:229:4:229:Infinity:undefined:undefined:undefined:undefined":21,"s:229:4:229:Infinity":72,"b:229:8:229:20:229:20:229:34":22,"s:229:34:229:Infinity":73,"s:231:10:231:Infinity":74,"s:233:10:247:Infinity":75,"f:233:46:233:47":16,"b:234:6:246:Infinity:undefined:undefined:undefined:undefined":23,"s:234:6:246:Infinity":76,"s:235:21:235:Infinity":77,"s:236:8:238:Infinity":78,"b:237:45:237:66:237:66:237:Infinity":24,"s:239:8:239:Infinity":79,"b:239:23:239:38:239:38:239:57":25,"s:240:8:240:Infinity":80,"b:240:23:240:43:240:43:240:48":26,"b:241:8:245:Infinity:243:15:245:Infinity":27,"s:241:8:245:Infinity":81,"s:242:10:242:Infinity":82,"s:244:10:244:Infinity":83,"s:249:4:249:Infinity":84,"f:249:11:249:17":17,"s:249:17:249:Infinity":85,"s:253:2:282:Infinity":86,"f:253:12:253:18":18,"b:254:4:254:Infinity:undefined:undefined:undefined:undefined":28,"s:254:4:254:Infinity":87,"s:254:18:254:Infinity":88,"s:255:42:255:Infinity":89,"s:256:4:256:Infinity":90,"b:258:4:277:Infinity:undefined:undefined:undefined:undefined":29,"s:258:4:277:Infinity":91,"b:259:6:259:Infinity:260:7:260:Infinity:261:8:261:Infinity":30,"s:263:6:265:Infinity":92,"s:267:6:276:Infinity":93,"f:267:30:267:31":19,"s:268:8:275:Infinity":94,"s:269:23:269:Infinity":95,"b:270:10:272:Infinity:undefined:undefined:undefined:undefined":31,"s:270:10:272:Infinity":96,"s:271:12:271:Infinity":97,"s:274:10:274:Infinity":98,"s:279:4:281:Infinity":99,"f:279:11:279:17":20,"b:280:6:280:Infinity:undefined:undefined:undefined:undefined":32,"s:280:6:280:Infinity":100,"s:280:23:280:Infinity":101,"s:284:21:290:Infinity":102,"f:284:21:284:22":21,"s:285:14:287:Infinity":103,"s:288:10:288:Infinity":104,"s:289:4:289:Infinity":105,"s:293:17:293:Infinity":106,"s:294:18:294:Infinity":107,"s:295:17:295:Infinity":108,"s:296:17:296:Infinity":109,"s:297:18:297:Infinity":110,"s:299:2:315:Infinity":111,"f:299:36:299:37":22,"s:300:10:304:Infinity":112,"b:301:6:301:23:301:23:301:Infinity":33,"b:302:6:302:26:302:26:302:Infinity":34,"b:303:6:303:28:303:28:303:Infinity":35,"s:305:10:309:Infinity":113,"b:306:6:306:24:306:24:306:Infinity":36,"b:307:6:307:27:307:27:307:Infinity":37,"b:308:6:308:29:308:29:308:Infinity":38,"s:310:4:310:Infinity":114,"s:311:4:311:Infinity":115,"b:312:4:314:Infinity:312:15:314:Infinity":39,"s:312:4:314:Infinity":116,"s:312:15:312:Infinity":117,"b:312:15:314:Infinity:314:9:314:Infinity":40,"s:312:15:314:Infinity":118,"s:313:20:313:Infinity":119,"s:314:9:314:Infinity":120,"s:317:22:321:Infinity":121,"f:317:22:317:23":23,"b:318:4:318:Infinity:undefined:undefined:undefined:undefined":41,"s:318:4:318:Infinity":122,"b:318:8:318:15:318:15:318:28:318:28:318:62":42,"s:318:62:318:Infinity":123,"b:319:4:319:Infinity:undefined:undefined:undefined:undefined":43,"s:319:4:319:Infinity":124,"s:319:22:319:Infinity":125,"s:320:4:320:Infinity":126,"b:320:11:320:36:320:36:320:Infinity":44,"s:323:22:327:Infinity":127,"f:323:22:323:23":24,"b:324:4:325:Infinity:undefined:undefined:undefined:undefined":45,"s:324:4:325:Infinity":128,"b:324:8:324:15:324:15:324:28:324:28:324:64:324:64:324:Infinity":46,"s:325:6:325:Infinity":129,"s:326:4:326:Infinity":130,"b:326:11:326:36:326:36:326:Infinity":47,"b:329:2:353:Infinity:undefined:undefined:undefined:undefined":48,"s:329:2:353:Infinity":131,"s:330:4:351:Infinity":132,"s:356:25:361:Infinity":133,"f:356:25:356:26":25,"b:357:4:359:Infinity:undefined:undefined:undefined:undefined":49,"s:357:4:359:Infinity":134,"b:357:8:357:23:357:23:357:54":50,"s:358:6:358:Infinity":135,"s:360:4:360:Infinity":136,"b:360:11:360:36:360:36:360:Infinity":51,"s:364:4:364:Infinity":137,"b:364:4:364:41:364:41:364:Infinity":52,"s:366:2:534:Infinity":138,"b:380:13:380:29:380:29:380:Infinity":53,"b:387:16:387:Infinity:388:16:388:Infinity":54,"b:392:14:394:Infinity:396:14:398:Infinity":55,"b:424:20:424:Infinity:425:20:425:Infinity":56,"b:428:33:428:44:428:44:428:Infinity":57,"b:431:33:431:54:431:54:431:Infinity":58,"b:443:16:443:Infinity:444:16:446:Infinity":59,"b:445:18:445:Infinity:446:18:446:Infinity":60,"b:452:18:452:Infinity:453:18:457:Infinity":61,"b:451:14:451:29:451:29:451:Infinity":62,"b:454:20:454:Infinity:455:20:457:Infinity":63,"b:456:22:456:Infinity:457:22:457:Infinity":64,"b:467:20:467:Infinity:468:20:478:Infinity":65,"b:469:22:469:Infinity:470:22:478:Infinity":66,"b:468:20:468:35:468:35:468:Infinity":67,"b:471:24:471:Infinity:472:24:478:Infinity":68,"b:473:26:473:Infinity:474:26:478:Infinity":69,"b:475:28:475:Infinity:476:28:478:Infinity":70,"b:477:30:477:Infinity:478:30:478:Infinity":71,"b:485:11:485:Infinity:486:12:488:Infinity":72,"b:510:20:510:Infinity:511:20:511:Infinity":73,"b:514:33:514:45:514:45:514:Infinity":74,"b:517:33:517:54:517:54:517:Infinity":75},"fnNames":{}}}
,"C:\\repos\\corner-click\\apps\\web-admin\\src\\components\\TournamentList.tsx": {"path":"C:\\repos\\corner-click\\apps\\web-admin\\src\\components\\TournamentList.tsx","statementMap":{"0":{"start":{"line":5,"column":16},"end":{"line":5,"column":null}},"1":{"start":{"line":18,"column":36},"end":{"line":18,"column":null}},"2":{"start":{"line":19,"column":28},"end":{"line":19,"column":null}},"3":{"start":{"line":21,"column":2},"end":{"line":32,"column":null}},"4":{"start":{"line":22,"column":4},"end":{"line":31,"column":null}},"5":{"start":{"line":23,"column":21},"end":{"line":23,"column":31}},"6":{"start":{"line":25,"column":8},"end":{"line":25,"column":null}},"7":{"start":{"line":26,"column":8},"end":{"line":26,"column":null}},"8":{"start":{"line":29,"column":8},"end":{"line":29,"column":null}},"9":{"start":{"line":30,"column":8},"end":{"line":30,"column":null}},"10":{"start":{"line":34,"column":23},"end":{"line":54,"column":null}},"11":{"start":{"line":35,"column":4},"end":{"line":41,"column":null}},"12":{"start":{"line":40,"column":6},"end":{"line":40,"column":null}},"13":{"start":{"line":42,"column":4},"end":{"line":53,"column":null}},"14":{"start":{"line":43,"column":18},"end":{"line":45,"column":null}},"15":{"start":{"line":46,"column":6},"end":{"line":50,"column":null}},"16":{"start":{"line":47,"column":8},"end":{"line":47,"column":null}},"17":{"start":{"line":47,"column":33},"end":{"line":47,"column":64}},"18":{"start":{"line":47,"column":52},"end":{"line":47,"column":63}},"19":{"start":{"line":49,"column":8},"end":{"line":49,"column":null}},"20":{"start":{"line":52,"column":6},"end":{"line":52,"column":null}},"21":{"start":{"line":56,"column":2},"end":{"line":62,"column":null}},"22":{"start":{"line":57,"column":4},"end":{"line":60,"column":null}},"23":{"start":{"line":63,"column":32},"end":{"line":65,"column":null}},"24":{"start":{"line":64,"column":11},"end":{"line":64,"column":null}},"25":{"start":{"line":66,"column":30},"end":{"line":68,"column":null}},"26":{"start":{"line":67,"column":11},"end":{"line":67,"column":null}},"27":{"start":{"line":69,"column":31},"end":{"line":71,"column":null}},"28":{"start":{"line":70,"column":11},"end":{"line":70,"column":null}},"29":{"start":{"line":73,"column":31},"end":{"line":188,"column":null}},"30":{"start":{"line":74,"column":22},"end":{"line":74,"column":null}},"31":{"start":{"line":75,"column":4},"end":{"line":82,"column":null}},"32":{"start":{"line":76,"column":6},"end":{"line":77,"column":null}},"33":{"start":{"line":78,"column":4},"end":{"line":82,"column":null}},"34":{"start":{"line":79,"column":6},"end":{"line":79,"column":null}},"35":{"start":{"line":81,"column":6},"end":{"line":81,"column":null}},"36":{"start":{"line":84,"column":4},"end":{"line":186,"column":null}},"37":{"start":{"line":87,"column":23},"end":{"line":87,"column":null}},"38":{"start":{"line":157,"column":30},"end":{"line":157,"column":null}},"39":{"start":{"line":166,"column":20},"end":{"line":166,"column":null}},"40":{"start":{"line":167,"column":20},"end":{"line":167,"column":null}},"41":{"start":{"line":175,"column":20},"end":{"line":175,"column":null}},"42":{"start":{"line":176,"column":20},"end":{"line":176,"column":null}},"43":{"start":{"line":190,"column":2},"end":{"line":249,"column":null}}},"fnMap":{"0":{"name":"TournamentList","decl":{"start":{"line":13,"column":24},"end":{"line":13,"column":39}},"loc":{"start":{"line":17,"column":10},"end":{"line":251,"column":null}},"line":17},"1":{"name":"(anonymous_1)","decl":{"start":{"line":21,"column":12},"end":{"line":21,"column":18}},"loc":{"start":{"line":21,"column":18},"end":{"line":32,"column":5}},"line":21},"2":{"name":"(anonymous_2)","decl":{"start":{"line":23,"column":12},"end":{"line":23,"column":13}},"loc":{"start":{"line":23,"column":21},"end":{"line":23,"column":31}},"line":23},"3":{"name":"(anonymous_3)","decl":{"start":{"line":24,"column":12},"end":{"line":24,"column":13}},"loc":{"start":{"line":24,"column":22},"end":{"line":27,"column":7}},"line":24},"4":{"name":"(anonymous_4)","decl":{"start":{"line":28,"column":13},"end":{"line":28,"column":14}},"loc":{"start":{"line":28,"column":22},"end":{"line":31,"column":7}},"line":28},"5":{"name":"(anonymous_5)","decl":{"start":{"line":34,"column":23},"end":{"line":34,"column":30}},"loc":{"start":{"line":34,"column":45},"end":{"line":54,"column":null}},"line":34},"6":{"name":"(anonymous_6)","decl":{"start":{"line":47,"column":23},"end":{"line":47,"column":24}},"loc":{"start":{"line":47,"column":33},"end":{"line":47,"column":64}},"line":47},"7":{"name":"(anonymous_7)","decl":{"start":{"line":47,"column":45},"end":{"line":47,"column":46}},"loc":{"start":{"line":47,"column":52},"end":{"line":47,"column":63}},"line":47},"8":{"name":"(anonymous_8)","decl":{"start":{"line":64,"column":4},"end":{"line":64,"column":5}},"loc":{"start":{"line":64,"column":11},"end":{"line":64,"column":null}},"line":64},"9":{"name":"(anonymous_9)","decl":{"start":{"line":67,"column":4},"end":{"line":67,"column":5}},"loc":{"start":{"line":67,"column":11},"end":{"line":67,"column":null}},"line":67},"10":{"name":"(anonymous_10)","decl":{"start":{"line":70,"column":4},"end":{"line":70,"column":5}},"loc":{"start":{"line":70,"column":11},"end":{"line":70,"column":null}},"line":70},"11":{"name":"(anonymous_11)","decl":{"start":{"line":73,"column":31},"end":{"line":73,"column":32}},"loc":{"start":{"line":73,"column":50},"end":{"line":188,"column":null}},"line":73},"12":{"name":"(anonymous_12)","decl":{"start":{"line":87,"column":17},"end":{"line":87,"column":23}},"loc":{"start":{"line":87,"column":23},"end":{"line":87,"column":null}},"line":87},"13":{"name":"(anonymous_13)","decl":{"start":{"line":157,"column":23},"end":{"line":157,"column":24}},"loc":{"start":{"line":157,"column":30},"end":{"line":157,"column":null}},"line":157},"14":{"name":"(anonymous_14)","decl":{"start":{"line":165,"column":27},"end":{"line":165,"column":28}},"loc":{"start":{"line":165,"column":34},"end":{"line":168,"column":null}},"line":165},"15":{"name":"(anonymous_15)","decl":{"start":{"line":174,"column":27},"end":{"line":174,"column":28}},"loc":{"start":{"line":174,"column":34},"end":{"line":177,"column":null}},"line":174}},"branchMap":{"0":{"loc":{"start":{"line":5,"column":16},"end":{"line":5,"column":null}},"type":"binary-expr","locations":[{"start":{"line":5,"column":16},"end":{"line":5,"column":50}},{"start":{"line":5,"column":50},"end":{"line":5,"column":null}}],"line":5},"1":{"loc":{"start":{"line":35,"column":4},"end":{"line":41,"column":null}},"type":"if","locations":[{"start":{"line":35,"column":4},"end":{"line":41,"column":null}},{"start":{},"end":{}}],"line":35},"2":{"loc":{"start":{"line":46,"column":6},"end":{"line":50,"column":null}},"type":"if","locations":[{"start":{"line":46,"column":6},"end":{"line":50,"column":null}},{"start":{"line":48,"column":13},"end":{"line":50,"column":null}}],"line":46},"3":{"loc":{"start":{"line":56,"column":2},"end":{"line":62,"column":null}},"type":"if","locations":[{"start":{"line":56,"column":2},"end":{"line":62,"column":null}},{"start":{},"end":{}}],"line":56},"4":{"loc":{"start":{"line":75,"column":4},"end":{"line":82,"column":null}},"type":"if","locations":[{"start":{"line":75,"column":4},"end":{"line":82,"column":null}},{"start":{"line":78,"column":4},"end":{"line":82,"column":null}}],"line":75},"5":{"loc":{"start":{"line":78,"column":4},"end":{"line":82,"column":null}},"type":"if","locations":[{"start":{"line":78,"column":4},"end":{"line":82,"column":null}},{"start":{"line":80,"column":11},"end":{"line":82,"column":null}}],"line":78},"6":{"loc":{"start":{"line":89,"column":10},"end":{"line":91,"column":null}},"type":"cond-expr","locations":[{"start":{"line":90,"column":14},"end":{"line":90,"column":null}},{"start":{"line":91,"column":14},"end":{"line":91,"column":null}}],"line":89},"7":{"loc":{"start":{"line":102,"column":15},"end":{"line":106,"column":null}},"type":"cond-expr","locations":[{"start":{"line":103,"column":18},"end":{"line":103,"column":null}},{"start":{"line":104,"column":18},"end":{"line":106,"column":null}}],"line":102},"8":{"loc":{"start":{"line":104,"column":18},"end":{"line":106,"column":null}},"type":"cond-expr","locations":[{"start":{"line":105,"column":20},"end":{"line":105,"column":null}},{"start":{"line":106,"column":20},"end":{"line":106,"column":null}}],"line":104},"9":{"loc":{"start":{"line":150,"column":13},"end":{"line":150,"column":26}},"type":"binary-expr","locations":[{"start":{"line":150,"column":13},"end":{"line":150,"column":24}},{"start":{"line":150,"column":24},"end":{"line":150,"column":26}}],"line":150},"10":{"loc":{"start":{"line":154,"column":46},"end":{"line":154,"column":109}},"type":"binary-expr","locations":[{"start":{"line":154,"column":46},"end":{"line":154,"column":86}},{"start":{"line":154,"column":86},"end":{"line":154,"column":109}}],"line":154},"11":{"loc":{"start":{"line":162,"column":13},"end":{"line":182,"column":null}},"type":"binary-expr","locations":[{"start":{"line":162,"column":13},"end":{"line":162,"column":null}},{"start":{"li
[...]
,"C:\\repos\\corner-click\\apps\\web-judges\\src\\styles\\global.css": {"path":"C:\\repos\\corner-click\\apps\\web-judges\\src\\styles\\global.css","statementMap":{},"fnMap":{},"branchMap":{},"s":{},"f":{},"b":{},"meta":{"lastBranch":0,"lastFunction":0,"lastStatement":0,"seen":{},"fnNames":{}}}
,"C:\\repos\\corner-click\\apps\\web-judges\\src\\utils\\apiClient.ts": {"path":"C:\\repos\\corner-click\\apps\\web-judges\\src\\utils\\apiClient.ts","statementMap":{"0":{"start":{"line":5,"column":2},"end":{"line":5,"column":null}},"1":{"start":{"line":7,"column":32},"end":{"line":23,"column":null}},"2":{"start":{"line":8,"column":2},"end":{"line":21,"column":null}},"3":{"start":{"line":9,"column":21},"end":{"line":9,"column":null}},"4":{"start":{"line":11,"column":6},"end":{"line":13,"column":null}},"5":{"start":{"line":15,"column":4},"end":{"line":20,"column":null}},"6":{"start":{"line":16,"column":6},"end":{"line":18,"column":null}},"7":{"start":{"line":17,"column":8},"end":{"line":17,"column":null}},"8":{"start":{"line":19,"column":6},"end":{"line":19,"column":null}},"9":{"start":{"line":22,"column":2},"end":{"line":22,"column":null}},"10":{"start":{"line":25,"column":23},"end":{"line":25,"column":null}},"11":{"start":{"line":27,"column":13},"end":{"line":27,"column":null}}},"fnMap":{"0":{"name":"(anonymous_0)","decl":{"start":{"line":7,"column":32},"end":{"line":7,"column":33}},"loc":{"start":{"line":7,"column":67},"end":{"line":23,"column":null}},"line":7}},"branchMap":{"0":{"loc":{"start":{"line":5,"column":2},"end":{"line":5,"column":null}},"type":"binary-expr","locations":[{"start":{"line":5,"column":2},"end":{"line":5,"column":36}},{"start":{"line":5,"column":36},"end":{"line":5,"column":null}}],"line":5},"1":{"loc":{"start":{"line":8,"column":2},"end":{"line":21,"column":null}},"type":"if","locations":[{"start":{"line":8,"column":2},"end":{"line":21,"column":null}},{"start":{},"end":{}}],"line":8},"2":{"loc":{"start":{"line":11,"column":6},"end":{"line":13,"column":null}},"type":"binary-expr","locations":[{"start":{"line":11,"column":6},"end":{"line":11,"column":null}},{"start":{"line":12,"column":6},"end":{"line":12,"column":null}},{"start":{"line":13,"column":6},"end":{"line":13,"column":null}}],"line":11},"3":{"loc":{"start":{"line":15,"column":4},"end":{"line":20,"column":null}},"type":"if","locations":[{"start":{"line":15,"column":4},"end":{"line":20,"column":null}},{"start":{},"end":{}}],"line":15},"4":{"loc":{"start":{"line":16,"column":6},"end":{"line":18,"column":null}},"type":"if","locations":[{"start":{"line":16,"column":6},"end":{"line":18,"column":null}},{"start":{},"end":{}}],"line":16},"5":{"loc":{"start":{"line":16,"column":10},"end":{"line":16,"column":78}},"type":"binary-expr","locations":[{"start":{"line":16,"column":10},"end":{"line":16,"column":45}},{"start":{"line":16,"column":45},"end":{"line":16,"column":78}}],"line":16}},"s":{"0":1,"1":1,"2":7,"3":5,"4":5,"5":5,"6":4,"7":1,"8":3,"9":3,"10":1,"11":1},"f":{"0":7},"b":{"0":[1,1],"1":[5,2],"2":[5,4,3],"3":[4,1],"4":[1,3],"5":[4,3]},"meta":{"lastBranch":6,"lastFunction":1,"lastStatement":12,"seen":{"s:5:2:5:Infinity":0,"b:5:2:5:36:5:36:5:Infinity":0,"s:7:32:23:Infinity":1,"f:7:32:7:33":0,"b:8:2:21:Infinity:undefined:undefined:undefined:undefined":1,"s:8:2:21:Infinity":2,"s:9:21:9:Infinity":3,"s:11:6:13:Infinity":4,"b:11:6:11:Infinity:12:6:12:Infinity:13:6:13:Infinity":2,"b:15:4:20:Infinity:undefined:undefined:undefined:undefined":3,"s:15:4:20:Infinity":5,"b:16:6:18:Infinity:undefined:undefined:undefined:undefined":4,"s:16:6:18:Infinity":6,"b:16:10:16:45:16:45:16:78":5,"s:17:8:17:Infinity":7,"s:19:6:19:Infinity":8,"s:22:2:22:Infinity":9,"s:25:23:25:Infinity":10,"s:27:13:27:Infinity":11},"fnNames":{}}}
,"C:\\repos\\corner-click\\packages\\audio\\src\\index.ts": {"path":"C:\\repos\\corner-click\\packages\\audio\\src\\index.ts","statementMap":{"0":{"start":{"line":2,"column":44},"end":{"line":2,"column":null}},"1":{"start":{"line":5,"column":4},"end":{"line":5,"column":null}},"2":{"start":{"line":5,"column":39},"end":{"line":5,"column":null}},"3":{"start":{"line":7,"column":4},"end":{"line":13,"column":null}},"4":{"start":{"line":9,"column":8},"end":{"line":9,"column":null}},"5":{"start":{"line":10,"column":6},"end":{"line":12,"column":null}},"6":{"start":{"line":11,"column":8},"end":{"line":11,"column":null}},"7":{"start":{"line":15,"column":4},"end":{"line":19,"column":null}},"8":{"start":{"line":16,"column":6},"end":{"line":18,"column":null}},"9":{"start":{"line":17,"column":8},"end":{"line":17,"column":null}},"10":{"start":{"line":21,"column":4},"end":{"line":21,"column":null}},"11":{"start":{"line":28,"column":16},"end":{"line":28,"column":null}},"12":{"start":{"line":29,"column":4},"end":{"line":29,"column":null}},"13":{"start":{"line":29,"column":14},"end":{"line":29,"column":null}},"14":{"start":{"line":31,"column":16},"end":{"line":31,"column":null}},"15":{"start":{"line":32,"column":21},"end":{"line":32,"column":null}},"16":{"start":{"line":33,"column":4},"end":{"line":33,"column":null}},"17":{"start":{"line":34,"column":4},"end":{"line":34,"column":null}},"18":{"start":{"line":35,"column":4},"end":{"line":35,"column":null}},"19":{"start":{"line":38,"column":18},"end":{"line":38,"column":null}},"20":{"start":{"line":39,"column":35},"end":{"line":39,"column":null}},"21":{"start":{"line":41,"column":4},"end":{"line":50,"column":null}},"22":{"start":{"line":42,"column":18},"end":{"line":42,"column":null}},"23":{"start":{"line":44,"column":6},"end":{"line":44,"column":null}},"24":{"start":{"line":45,"column":6},"end":{"line":45,"column":null}},"25":{"start":{"line":46,"column":6},"end":{"line":46,"column":null}},"26":{"start":{"line":47,"column":6},"end":{"line":47,"column":null}},"27":{"start":{"line":48,"column":6},"end":{"line":48,"column":null}},"28":{"start":{"line":49,"column":6},"end":{"line":49,"column":null}},"29":{"start":{"line":52,"column":4},"end":{"line":52,"column":null}},"30":{"start":{"line":55,"column":4},"end":{"line":58,"column":null}},"31":{"start":{"line":56,"column":6},"end":{"line":56,"column":null}},"32":{"start":{"line":56,"column":28},"end":{"line":56,"column":44}},"33":{"start":{"line":57,"column":6},"end":{"line":57,"column":null}},"34":{"start":{"line":65,"column":16},"end":{"line":65,"column":null}},"35":{"start":{"line":66,"column":4},"end":{"line":66,"column":null}},"36":{"start":{"line":66,"column":14},"end":{"line":66,"column":null}},"37":{"start":{"line":68,"column":16},"end":{"line":68,"column":null}},"38":{"start":{"line":69,"column":21},"end":{"line":69,"column":null}},"39":{"start":{"line":70,"column":4},"end":{"line":70,"column":null}},"40":{"start":{"line":71,"column":4},"end":{"line":71,"column":null}},"41":{"start":{"line":72,"column":4},"end":{"line":72,"column":null}},"42":{"start":{"line":73,"column":4},"end":{"line":73,"column":null}},"43":{"start":{"line":76,"column":17},"end":{"line":76,"column":null}},"44":{"start":{"line":77,"column":4},"end":{"line":77,"column":null}},"45":{"start":{"line":78,"column":4},"end":{"line":78,"column":null}},"46":{"start":{"line":80,"column":17},"end":{"line":80,"column":null}},"47":{"start":{"line":81,"column":4},"end":{"line":81,"column":null}},"48":{"start":{"line":82,"column":4},"end":{"line":82,"column":null}},"49":{"start":{"line":84,"column":4},"end":{"line":84,"column":null}},"50":{"start":{"line":85,"column":4},"end":{"line":85,"column":null}},"51":{"start":{"line":86,"column":4},"end":{"line":86,"column":null}},"52":{"start":{"line":88,"column":4},"end":{"line":88,"column":null}},"53":{"start":{"line":89,"column":4},"end":{"line":89,"column":null}},"54":{"start":{"line":90,"column":4},"end":{"line":90,"column":null}},"55":{"start":{"line":91,"column":4},"end":{"line":91,"column":null}},"56":{"start":{"line":93,"column":4},"end":{"line":97,"column":null}},"57":{"start":{"line":94,"column":6},"end":{"line":94,"column":null}},"58":{"start":{"line":95,"column":6},"end":{"line":95,"column":null}},"59":{"start":{"line":96,"column":6},"end":{"line":96,"column":null}},"60":{"start":{"line":104,"column":16},"end":{"line":104,"column":null}},"61":{"start":{"line":105,"column":4},"end":{"line":105,"column":null}},"62":{"start":{"line":105,"column":14},"end":{"line":105,"column":null}},"63":{"start":{"line":107,"column":16},"end":{"line":107,"column":null}},"64":{"start":{"line":108,"column":21},"end":{"line":108,"column":null}},"65":{"start":{"line":109,"column":4},"end":{"line":109,"column":null}},"66":{"start":{"line":110,"column":4},"end":{"line":110,"column":null}},"67":{"start":{"line":111,"column":4},"end":{"line":111,"column":null}},"68":{"start":{"line":113,"column":16},"end":{"line":113,"column":null}},"69":{"start":{"line":114,"column":4},"end":{"line":114,"column":null}},"70":{"start":{"line":115,"column":4},"end":{"line":115,"column":null}},"71":{"start":{"line":117,"column":4},"end":{"line":117,"column":null}},"72":{"start":{"line":118,"column":4},"end":{"line":118,"column":null}},"73":{"start":{"line":120,"column":4},"end":{"line":120,"column":null}},"74":{"start":{"line":121,"column":4},"end":{"line":121,"column":null}},"75":{"start":{"line":123,"column":4},"end":{"line":126,"column":null}},"76":{"start":{"line":124,"column":6},"end":{"line":124,"column":null}},"77":{"start":{"line":125,"column":6},"end":{"line":125,"column":null}},"78":{"start":{"line":133,"column":16},"end":{"line":133,"column":null}},"79":{"start":{"line":134,"column":4},"end":{"line":134,"column":null}},"80":{"start":{"line":134,"column":14},"end":{"line":134,"column":null}},"81":{"start":{"line":136,"column":16},"end":{"line":136,"column":null}},"82":{"start":{"line":137,"column":21},"end":{"line":137,"column":null}},"83":{"start":{"line":138,"column":4},"end":{"line":138,"column":null}},"84":{"start":{"line":139,"column":4},"end":{"line":139,"column":null}},"85":{"start":{"line":140,"column":4},"end":{"line":140,"column":null}},"86":{"start":{"line":142,"column":16},"end":{"line":142,"column":null}},"87":{"start":{"line":143,"column":4},"end":{"line":143,"column":null}},"88":{"start":{"line":145,"column":4},"end":{"line":145,"column":null}},"89":{"start":{"line":146,"column":4},"end":{"line":146,"column":null}},"90":{"start":{"line":148,"column":4},"end":{"line":148,"column":null}},"91":{"start":{"line":149,"column":4},"end":{"line":149,"column":null}},"92":{"start":{"line":151,"column":4},"end":{"line":151,"column":null}},"93":{"start":{"line":152,"column":4},"end":{"line":152,"column":null}},"94":{"start":{"line":154,"column":4},"end":{"line":157,"column":null}},"95":{"start":{"line":155,"column":6},"end":{"line":155,"column":null}},"96":{"start":{"line":156,"column":6},"end":{"line":156,"column":null}}},"fnMap":{"0":{"name":"getContext","decl":{"start":{"line":4,"column":17},"end":{"line":4,"column":51}},"loc":{"start":{"line":4,"column":51},"end":{"line":22,"column":null}},"line":4},"1":{"name":"(anonymous_1)","decl":{"start":{"line":16,"column":30},"end":{"line":16,"column":31}},"loc":{"start":{"line":16,"column":39},"end":{"line":18,"column":7}},"line":16},"2":{"name":"playGong","decl":{"start":{"line":27,"column":16},"end":{"line":27,"column":33}},"loc":{"start":{"line":27,"column":33},"end":{"line":59,"column":null}},"line":27},"3":{"name":"(anonymous_3)","decl":{"start":{"line":41,"column":18},"end":{"line":41,"column":19}},"loc":{"start":{"line":41,"column":35},"end":{"line":50,"column":5}},"line":41},"4":{"name":"(anonymous_4)","decl":{"start":{"line":55,"column":15},"end":{"line":55,"column":21}},"loc":{"start":{"line":55,"column":21},"end":{"line":58,"column":7}},"line":55},"5":{"name":"(anonymous_5)","decl":{"start":{"line":56,"column":19},"end":{"line":56,"column":20}},"loc":{"start":{"line":56,"column":28},"end":{"line":56,"column":44}},"line":56},"6":{"name":"playBuzzer","decl":{"start":{"line":64,"column":16},"end":{"line":64,"column":35}},"loc":{"start":{"line":64,"column":35},"end":{"line":98,"column":null}},"line":64},"7":{"name":"(anonymous_7)","decl":{"start":{"line":93,"column":15},"end":{"line":93,"column":21}},"loc":{"start":{"line":93,"column":21},"end":{"line":97,"column":7}},"line":93},"8":{"name":"playBeep","decl":{"start":{"line":103,"column":16},"end":{"line":103,"column":33}},"loc":{"start":{"line":103,"column":33},"end":{"line":127,"column":null}},"line":103},"9":{"name":"(anonymous_9)","decl":{"start":{"line":123,"column":15},"end":{"line":123,"column":21}},"loc":{"start":{"line":123,"column":21},"end":{"line":126,"column":7}},"line":123},"10":{"name":"playClick","decl":{"start":{"line":132,"column":16},"end":{"line":132,"column":34}},"loc":{"start":{"line":132,"column":34},"end":{"line":158,"column":null}},"line":132},"11":{"name":"(anonymous_11)","decl":{"start":{"line":154,"column":15},"end":{"line":154,"column":21}},"loc":{"start":{"line":154,"column":21},"end":{"line":157,"column":7}},"line":154}},"branchMap":{"0":{"loc":{"start":{"line":5,"column":4},"end":{"line":5,"column":null}},"type":"if","locations":[{"start":{"line":5,"column":4},"end":{"line":5,"column":null}},{"start":{},"end":{}}],"line":5},"1":{"loc":{"start":{"line":7,"column":4},"end":{"line":13,"column":null}},"type":"if","locations":[{"start":{"line":7,"column":4},"end":{"line":13,"column":null}},{"start":{},"end":{}}],"line":7},"2":{"loc":{"start":{"line":9,"column":8},"end":{"line":9,"column":null}},"type":"binary-expr","locations":[{"start":{"line":9,"column":8},"end":{"line":9,"column":32}},{"start":{"line":9,"column":32},"end":{"line":9,"column":null}}],"line":9},"3":{"loc":{"start":{"line":10,"column":6},"end":{"line":12,"column":null}},"type":"if","locations":[{"start":{"line":10,"column":6},"end":{"line":12,"column":null}},{"start":{},"end":{}}],"line":10},"4":{"loc":{"start":{"line":15,"column":4},"end":{"line":19,"column":null}},"type":"if","locations":[{"start":{"line":15,"column":4},"end":{"line":19,"column":null}},{"start":{},"end":{}}],"line":15},"5":{"loc":{"start":{"line":15,"column":8},"end":{"line":15,"column":52}},"type":"binary-expr","locations":[{"start":{"line":15,"column":8},"end":{"line":15,"column":20}},{"start":{"line":15,"column":20},"end":{"line":15,"column":52}}],"line":15},"6":{"loc":{"start":{"line":29,"column":4},"end":{"line":29,"column":null}},"type":"if","locations":[{"start":{"line":29,"column":4},"end":{"line":29,"column":null}},{"start":{},"end":{}}],"line":29},"7":{"loc":{"start":{"line":44,"column":17},"end":{"line":44,"column":null}},"type":"cond-expr","locations":[{"start":{"line":44,"column":35},"end":{"line":44,"column":44}},{"start":{"line":44,"column":44},"end":{"line":44,"column":null}}],"line":44},"8":{"loc":{"start":{"line":66,"column":4},"end":{"line":66,"column":null}},"type":"if","locations":[{"start":{"line":66,"column":4},"end":{"line":66,"column":null}},{"start":{},"end":{}}],"line":66},"9":{"loc":{"start":{"line":105,"column":4},"end":{"line":105,"column":null}},"type":"if","locations":[{"start":{"line":105,"column":4},"end":{"line":105,"column":null}},{"start":{},"end":{}}],"line":105},"10":{"loc":{"start":{"line":134,"column":4},"end":{"line":134,"column":null}},"type":"if","locations":[{"start":{"line":134,"column":4},"end":{"line":134,"column":null}},{"start":{},"end":{}}],"line":134}},"s":{"0":1,"1":9,"2":4,"3":5,"4":5,"5":5,"6":5,"7":5,"8":5,"9":0,"10":5,"11":2,"12":2,"13":1,"14":1,"15":1,"16":1,"17":1,"18":1,"19":1,"20":1,"21":1,"22":4,"23":4,"24":4,"25":4,"26":4,"27":4,"28":4,"29":1,"30":1,"31":0,"32":0,"33":0,"34":2,"35":2,"36":1,"37":1,"38":1,"39":1,"40":1,"41":1,"42":1,"43":1,"44":1,"45":1,"46":1,"47":1,"48":1,"49":1,"50":1,"51":1,"52":1,"53":1,"54":1,"55":1,"56":1,"57":0,"58":0,"59":0,"60":3,"61":3,"62":1,"63":2,"64":2,"65":2,"66":2,"67":2,"68":2,"69":2,"70":2,"71":2,"72":2,"73":2,"74":2,"75":2,"76":0,"77":0,"78":2,"79":2,"80":1,"81":1,"82":1,"83":1,"84":1,"85":1,"86":1,"87":1,"88":1,"89":1,"90":1,"91":1,"92":1,"93":1,"94":1,"95":0,"96":0},"f":{"0":1,"1":0,"2":1,"3":4,"4":0,"5":0,"6":1,"7":0,"8":1,"9":0,"10":1,"11":0},"b":{"0":[4,5],"1":[5,0],"2":[5,0],"3":[5,0],"4":[5,0],"5":[5,5],"6":[1,1],"7":[2,2],"8":[1,1],"9":[1,2],"10":[1,1]},"meta":{"lastBranch":11,"lastFunction":12,"lastStatement":97,"seen":{"s:2:44:2:Infinity":0,"f:4:17:4:51":0,"b:5:4:5:Infinity:undefined:undefined:undefined:undefined":0,"s:5:4:5:Infinity":1,"s:5:39:5:Infinity":2,"b:7:4:13:Infinity:undefined:undefined:undefined:undefined":1,"s:7:4:13:Infinity":3,"s:9:8:9:Infinity":4,"b:9:8:9:32:9:32:9:Infinity":2,"b:10:6:12:Infinity:undefined:undefined:undefined:undefined":3,"s:10:6:12:Infinity":5,"s:11:8:11:Infinity":6,"b:15:4:19:Infinity:undefined:undefined:undefined:undefined":4,"s:15:4:19:Infinity":7,"b:15:8:15:20:15:20:15:52":5,"s:16:6:18:Infinity":8,"f:16:30:16:31":1,"s:17:8:17:Infinity":9,"s:21:4:21:Infinity":10,"f:27:16:27:33":2,"s:28:16:28:Infinity":11,"b:29:4:29:Infinity:undefined:undefined:undefined:undefined":6,"s:29:4:29:Infinity":12,"s:29:14:29:Infinity":13,"s:31:16:31:Infinity":14,"s:32:21:32:Infinity":15,"s:33:4:33:Infinity":16,"s:34:4:34:Infinity":17,"s:35:4:35:Infinity":18,"s:38:18:38:Infinity":19,"s:39:35:39:Infinity":20,"s:41:4:50:Infinity":21,"f:41:18:41:19":3,"s:42:18:42:Infinity":22,"s:44:6:44:Infinity":23,"b:44:35:44:44:44:44:44:Infinity":7,"s:45:6:45:Infinity":24,"s:46:6:46:Infinity":25,"s:47:6:47:Infinity":26,"s:48:6:48:Infinity":27,"s:49:6:49:Infinity":28,"s:52:4:52:Infinity":29,"s:55:4:58:Infinity":30,"f:55:15:55:21":4,"s:56:6:56:Infinity":31,"f:56:19:56:20":5,"s:56:28:56:44":32,"s:57:6:57:Infinity":33,"f:64:16:64:35":6,"s:65:16:65:Infinity":34,"b:66:4:66:Infinity:undefined:undefined:undefined:undefined":8,"s:66:4:66:Infinity":35,"s:66:14:66:Infinity":36,"s:68:16:68:Infinity":37,"s:69:21:69:Infinity":38,"s:70:4:70:Infinity":39,"s:71:4:71:Infinity":40,"s:72:4:72:Infinity":41,"s:73:4:73:Infinity":42,"s:76:17:76:Infinity":43,"s:77:4:77:Infinity":44,"s:78:4:78:Infinity":45,"s:80:17:80:Infinity":46,"s:81:4:81:Infinity":47,"s:82:4:82:Infinity":48,"s:84:4:84:Infinity":49,"s:85:4:85:Infinity":50,"s:86:4:86:Infinity":51,"s:88:4:88:Infinity":52,"s:89:4:89:Infinity":53,"s:90:4:90:Infinity":54,"s:91:4:91:Infinity":55,"s:93:4:97:Infinity":56,"f:93:15:93:21":7,"s:94:6:94:Infinity":57,"s:95:6:95:Infinity":58,"s:96:6:96:Infinity":59,"f:103:16:103:33":8,"s:104:16:104:Infinity":60,"b:105:4:105:Infinity:undefined:undefined:undefined:undefined":9,"s:105:4:105:Infinity":61,"s:105:14:105:Infinity":62,"s:107:16:107:Infinity":63,"s:108:21:108:Infinity":64,"s:109:4:109:Infinity":65,"s:110:4:110:Infinity":66,"s:111:4:111:Infinity":67,"s:113:16:113:Infinity":68,"s:114:4:114:Infinity":69,"s:115:4:115:Infinity":70,"s:117:4:117:Infinity":71,"s:118:4:118:Infinity":72,"s:120:4:120:Infinity":73,"s:121:4:121:Infinity":74,"s:123:4:126:Infinity":75,"f:123:15:123:21":9,"s:124:6:124:Infinity":76,"s:125:6:125:Infinity":77,"f:132:16:132:34":10,"s:133:16:133:Infinity":78,"b:134:4:134:Infinity:undefined:undefined:undefined:undefined":10,"s:134:4:134:Infinity":79,"s:134:14:134:Infinity":80,"s:136:16:136:Infinity":81,"s:137:21:137:Infinity":82,"s:138:4:138:Infinity":83,"s:139:4:139:Infinity":84,"s:140:4:140:Infinity":85,"s:142:16:142:Infinity":86,"s:143:4:143:Infinity":87,"s:145:4:145:Infinity":88,"s:146:4:146:Infinity":89,"s:148:4:148:Infinity":90,"s:149:4:149:Infinity":91,"s:151:4:151:Infinity":92,"s:152:4:152:Infinity":93,"s:154:4:157:Infinity":94,"f:154:15:154:21":11,"s:155:6:155:Infinity":95,"s:156:6:156:Infinity":96},"fnNames":{}}}
}
